#
# There is insufficient memory for the Java Runtime Environment to continue.
# Native memory allocation (malloc) failed to allocate 131056 bytes for Chunk::new
# Possible reasons:
#   The system is out of physical RAM or swap space
#   The process is running with CompressedOops enabled, and the Java Heap may be blocking the growth of the native heap
# Possible solutions:
#   Reduce memory load on the system
#   Increase physical memory or swap space
#   Check if swap backing store is full
#   Decrease Java heap size (-Xmx/-Xms)
#   Decrease number of Java threads
#   Decrease Java thread stack sizes (-Xss)
#   Set larger code cache with -XX:ReservedCodeCacheSize=
#   JVM is running with Zero Based Compressed Oops mode in which the Java heap is
#     placed in the first 32GB address space. The Java Heap base address is the
#     maximum limit for the native heap growth. Please use -XX:HeapBaseMinAddress
#     to set the Java Heap base and to place the Java Heap above 32GB virtual address.
# This output file may be truncated or incomplete.
#
#  Out of Memory Error (./src/hotspot/share/memory/arena.cpp:197), pid=3068, tid=6788
#
# JRE version: OpenJDK Runtime Environment (11.0.8+10) (build 11.0.8+10-b944.6842174)
# Java VM: OpenJDK 64-Bit Server VM (11.0.8+10-b944.6842174, mixed mode, tiered, compressed oops, g1 gc, windows-amd64)
# No core dump will be written. Minidumps are not enabled by default on client versions of Windows
#

---------------  S U M M A R Y ------------

Command Line: --add-opens=java.base/java.util=ALL-UNNAMED --add-opens=java.base/java.lang=ALL-UNNAMED --add-opens=java.base/java.lang.invoke=ALL-UNNAMED --add-opens=java.prefs/java.util.prefs=ALL-UNNAMED -Xmx4608m -Dfile.encoding=windows-1252 -Duser.country=US -Duser.language=en -Duser.variant org.gradle.launcher.daemon.bootstrap.GradleDaemon 6.8

Host: Intel(R) Core(TM) M-5Y71 CPU @ 1.20GHz, 4 cores, 7G,  Windows 8.1 , 64 bit Build 9600 (6.3.9600.19994)
Time: Wed Jul  7 08:52:57 2021 E. Africa Standard Time elapsed time: 101 seconds (0d 0h 1m 41s)

---------------  T H R E A D  ---------------

Current thread (0x000000503384c000):  JavaThread "C2 CompilerThread0" daemon [_thread_in_native, id=6788, stack(0x0000005034190000,0x0000005034290000)]


Current CompileTask:
C2: 101148 12951       4       org.gradle.internal.logging.text.AbstractLineChoppingStyledTextOutput$1::execute (130 bytes)

Stack: [0x0000005034190000,0x0000005034290000]
Native frames: (J=compiled Java code, j=interpreted, Vv=VM code, C=native code)
V  [jvm.dll+0x5de50a]
V  [jvm.dll+0x7122f5]
V  [jvm.dll+0x71384d]
V  [jvm.dll+0x713f03]
V  [jvm.dll+0x23e728]
V  [jvm.dll+0xb899c]
V  [jvm.dll+0xb8e9c]
V  [jvm.dll+0x35020b]
V  [jvm.dll+0x31dea3]
V  [jvm.dll+0x31d39a]
V  [jvm.dll+0x1f7702]
V  [jvm.dll+0x1f68d4]
V  [jvm.dll+0x17f32c]
V  [jvm.dll+0x205047]
V  [jvm.dll+0x203891]
V  [jvm.dll+0x6dad3f]
V  [jvm.dll+0x6d3895]
V  [jvm.dll+0x5dd4a6]
C  [ucrtbase.DLL+0x1f4a0]
C  [KERNEL32.DLL+0x13f2]
C  [ntdll.dll+0x154f4]


---------------  P R O C E S S  ---------------

Threads class SMR info:
_java_thread_list=0x0000005035a23730, length=134, elements={
0x0000005013124000, 0x00000050337ea800, 0x00000050337eb800, 0x0000005033847800,
0x0000005033849000, 0x000000503384c000, 0x00000050338b5800, 0x00000050338bd000,
0x00000050339ae800, 0x00000050339c1000, 0x000000503545c800, 0x0000005035792000,
0x0000005035ca9000, 0x0000005035252800, 0x0000005035102800, 0x0000005035103800,
0x00000050353a4000, 0x0000005035a9f800, 0x0000005035aae000, 0x0000005035aaf000,
0x0000005036698000, 0x000000503669b800, 0x000000503669a800, 0x0000005036699000,
0x000000503669c000, 0x000000503669a000, 0x000000503669d000, 0x000000503669e000,
0x000000503669e800, 0x0000005036956000, 0x0000005036958800, 0x0000005036957000,
0x000000503695a000, 0x0000005036957800, 0x000000503695d800, 0x000000503695c000,
0x000000503695b000, 0x000000503695f000, 0x000000503695c800, 0x0000005036960000,
0x0000005036960800, 0x000000503695e000, 0x0000005036961800, 0x0000005036963000,
0x0000005036964000, 0x0000005036965000, 0x0000005036962800, 0x00000050366d4000,
0x00000050366d5000, 0x00000050366d2800, 0x00000050366d5800, 0x00000050366d3000,
0x00000050366d9000, 0x00000050366d6800, 0x00000050366d9800, 0x00000050366d7000,
0x00000050366da800, 0x00000050366d8000, 0x00000050366dc000, 0x00000050366dd000,
0x00000050366db800, 0x00000050366df800, 0x00000050366e0000, 0x00000050366de000,
0x00000050366de800, 0x00000050366e1000, 0x000000503743e000, 0x000000503743d000,
0x000000503743f000, 0x0000005037440800, 0x0000005037441800, 0x0000005037442000,
0x000000503743f800, 0x0000005037445800, 0x0000005037443000, 0x0000005037444800,
0x0000005037443800, 0x0000005037447000, 0x0000005037448800, 0x0000005037446000,
0x0000005037449800, 0x0000005037448000, 0x000000503744b000, 0x000000503744a800,
0x000000503744c000, 0x000000503a296800, 0x000000503a295000, 0x000000503a294800,
0x000000503a297800, 0x000000503a296000, 0x000000503a298800, 0x000000503a29b800,
0x000000503a29a000, 0x000000503a299000, 0x000000503a29c800, 0x000000503a29b000,
0x000000503a29d800, 0x000000503a29f000, 0x000000503a2a0800, 0x000000503a29f800,
0x000000503a29e000, 0x000000503a2a3000, 0x000000503a2a2000, 0x000000503a2a1800,
0x000000503a2ae000, 0x000000503a2ae800, 0x000000503a2ac800, 0x000000503a2af800,
0x000000503a2ad000, 0x000000503a2b2000, 0x000000503a2b1000, 0x000000503a2b3000,
0x000000503a2b0800, 0x000000503a2b3800, 0x000000503a2b4800, 0x000000503a2b7000,
0x000000503a2b7800, 0x000000503a2b5800, 0x000000503a2b6000, 0x000000503a2ba000,
0x000000503a2bb000, 0x000000503a2b8800, 0x000000503a2b9800, 0x0000005039833000,
0x0000005039833800, 0x0000005039832000, 0x0000005039831000, 0x0000005039837000,
0x0000005039834800, 0x0000005039837800, 0x0000005039835800, 0x000000503983b000,
0x0000005039838800, 0x000000503983c000
}

Java Threads: ( => current thread )
  0x0000005013124000 JavaThread "main" [_thread_blocked, id=7068, stack(0x0000005011050000,0x0000005011150000)]
  0x00000050337ea800 JavaThread "Reference Handler" daemon [_thread_blocked, id=5452, stack(0x0000005033cb0000,0x0000005033db0000)]
  0x00000050337eb800 JavaThread "Finalizer" daemon [_thread_blocked, id=1152, stack(0x0000005033db0000,0x0000005033eb0000)]
  0x0000005033847800 JavaThread "Signal Dispatcher" daemon [_thread_blocked, id=6452, stack(0x0000005033f90000,0x0000005034090000)]
  0x0000005033849000 JavaThread "Attach Listener" daemon [_thread_blocked, id=3876, stack(0x0000005034090000,0x0000005034190000)]
=>0x000000503384c000 JavaThread "C2 CompilerThread0" daemon [_thread_in_native, id=6788, stack(0x0000005034190000,0x0000005034290000)]
  0x00000050338b5800 JavaThread "C1 CompilerThread0" daemon [_thread_blocked, id=5108, stack(0x0000005034290000,0x0000005034390000)]
  0x00000050338bd000 JavaThread "Sweeper thread" daemon [_thread_blocked, id=6200, stack(0x0000005034390000,0x0000005034490000)]
  0x00000050339ae800 JavaThread "Common-Cleaner" daemon [_thread_blocked, id=6236, stack(0x0000005034490000,0x0000005034590000)]
  0x00000050339c1000 JavaThread "Service Thread" daemon [_thread_blocked, id=6772, stack(0x0000005034590000,0x0000005034690000)]
  0x000000503545c800 JavaThread "Daemon health stats" [_thread_blocked, id=4932, stack(0x0000005037530000,0x0000005037630000)]
  0x0000005035792000 JavaThread "Incoming local TCP Connector on port 64357" [_thread_in_native, id=5980, stack(0x0000005037d10000,0x0000005037e10000)]
  0x0000005035ca9000 JavaThread "Daemon periodic checks" [_thread_blocked, id=6432, stack(0x0000005038100000,0x0000005038200000)]
  0x0000005035252800 JavaThread "Daemon" [_thread_blocked, id=5668, stack(0x0000005038200000,0x0000005038300000)]
  0x0000005035102800 JavaThread "Handler for socket connection from /127.0.0.1:64357 to /127.0.0.1:64358" [_thread_in_native, id=5376, stack(0x0000005038300000,0x0000005038400000)]
  0x0000005035103800 JavaThread "Cancel handler" [_thread_blocked, id=7008, stack(0x0000005038400000,0x0000005038500000)]
  0x00000050353a4000 JavaThread "Daemon worker" [_thread_blocked, id=6768, stack(0x0000005038500000,0x0000005038600000)]
  0x0000005035a9f800 JavaThread "Asynchronous log dispatcher for DefaultDaemonConnection: socket connection from /127.0.0.1:64357 to /127.0.0.1:64358" [_thread_blocked, id=5644, stack(0x0000005038700000,0x0000005038800000)]
  0x0000005035aae000 JavaThread "Stdin handler" [_thread_blocked, id=6744, stack(0x0000005038800000,0x0000005038900000)]
  0x0000005035aaf000 JavaThread "Daemon client event forwarder" [_thread_blocked, id=5044, stack(0x0000005038900000,0x0000005038a00000)]
  0x0000005036698000 JavaThread "Cache worker for file hash cache (C:\Users\user\.gradle\caches\6.8\fileHashes)" [_thread_blocked, id=3744, stack(0x0000005038d00000,0x0000005038e00000)]
  0x000000503669b800 JavaThread "File lock request listener" [_thread_in_native, id=7100, stack(0x0000005038e00000,0x0000005038f00000)]
  0x000000503669a800 JavaThread "Cache worker for journal cache (C:\Users\user\.gradle\caches\journal-1)" [_thread_blocked, id=5416, stack(0x0000005038f00000,0x0000005039000000)]
  0x0000005036699000 JavaThread "Cache worker for file hash cache (E:\welzapp\welzapp\android\.gradle\6.8\fileHashes)" [_thread_blocked, id=4332, stack(0x0000005039200000,0x0000005039300000)]
  0x000000503669c000 JavaThread "Cache worker for checksums cache (E:\welzapp\welzapp\android\.gradle\checksums)" [_thread_blocked, id=6660, stack(0x0000005039300000,0x0000005039400000)]
  0x000000503669a000 JavaThread "Cache worker for cache directory md-supplier (C:\Users\user\.gradle\caches\6.8\md-supplier)" [_thread_blocked, id=4088, stack(0x000000503abc0000,0x000000503acc0000)]
  0x000000503669d000 JavaThread "Cache worker for cache directory md-rule (C:\Users\user\.gradle\caches\6.8\md-rule)" [_thread_blocked, id=5932, stack(0x000000503a8a0000,0x000000503a9a0000)]
  0x000000503669e000 JavaThread "Cache worker for execution history cache (C:\Users\user\.gradle\caches\6.8\executionHistory)" [_thread_blocked, id=5472, stack(0x000000503a9a0000,0x000000503aaa0000)]
  0x000000503669e800 JavaThread "jar transforms" [_thread_blocked, id=4796, stack(0x000000503aaa0000,0x000000503aba0000)]
  0x0000005036956000 JavaThread "Cache worker for file content cache (C:\Users\user\.gradle\caches\6.8\fileContent)" [_thread_blocked, id=5316, stack(0x000000503b4c0000,0x000000503b5c0000)]
  0x0000005036958800 JavaThread "Cache worker for Build Output Cleanup Cache (E:\welzapp\welzapp\android\.gradle\buildOutputCleanup)" [_thread_blocked, id=5744, stack(0x000000503bbc0000,0x000000503bcc0000)]
  0x0000005036957000 JavaThread "Build operations" [_thread_blocked, id=5776, stack(0x000000503c270000,0x000000503c370000)]
  0x000000503695a000 JavaThread "Build operations Thread 2" [_thread_blocked, id=188, stack(0x000000503c370000,0x000000503c470000)]
  0x0000005036957800 JavaThread "Build operations Thread 3" [_thread_blocked, id=4196, stack(0x000000503c470000,0x000000503c570000)]
  0x000000503695d800 JavaThread "Build operations Thread 4" [_thread_blocked, id=6344, stack(0x000000503c570000,0x000000503c670000)]
  0x000000503695c000 JavaThread "jar transforms Thread 2" [_thread_blocked, id=3520, stack(0x000000503c100000,0x000000503c200000)]
  0x000000503695b000 JavaThread "jar transforms Thread 3" [_thread_blocked, id=5580, stack(0x000000503c670000,0x000000503c770000)]
  0x000000503695f000 JavaThread "jar transforms Thread 4" [_thread_blocked, id=6020, stack(0x000000503c770000,0x000000503c870000)]
  0x000000503695c800 JavaThread "jar transforms Thread 5" [_thread_blocked, id=5224, stack(0x000000503c870000,0x000000503c970000)]
  0x0000005036960000 JavaThread "jar transforms Thread 6" [_thread_blocked, id=6760, stack(0x000000503c970000,0x000000503ca70000)]
  0x0000005036960800 JavaThread "jar transforms Thread 7" [_thread_blocked, id=5084, stack(0x000000503ca70000,0x000000503cb70000)]
  0x000000503695e000 JavaThread "jar transforms Thread 8" [_thread_blocked, id=7024, stack(0x000000503cb70000,0x000000503cc70000)]
  0x0000005036961800 JavaThread "jar transforms Thread 9" [_thread_blocked, id=3816, stack(0x000000503cc70000,0x000000503cd70000)]
  0x0000005036963000 JavaThread "jar transforms Thread 10" [_thread_blocked, id=4568, stack(0x000000503cd70000,0x000000503ce70000)]
  0x0000005036964000 JavaThread "jar transforms Thread 11" [_thread_blocked, id=5952, stack(0x000000503ce70000,0x000000503cf70000)]
  0x0000005036965000 JavaThread "jar transforms Thread 12" [_thread_blocked, id=5816, stack(0x000000503cf70000,0x000000503d070000)]
  0x0000005036962800 JavaThread "jar transforms Thread 13" [_thread_blocked, id=4876, stack(0x000000503d070000,0x000000503d170000)]
  0x00000050366d4000 JavaThread "jar transforms Thread 14" [_thread_blocked, id=7064, stack(0x000000503d170000,0x000000503d270000)]
  0x00000050366d5000 JavaThread "jar transforms Thread 15" [_thread_blocked, id=5496, stack(0x000000503d270000,0x000000503d370000)]
  0x00000050366d2800 JavaThread "jar transforms Thread 16" [_thread_blocked, id=6412, stack(0x000000503d370000,0x000000503d470000)]
  0x00000050366d5800 JavaThread "jar transforms Thread 17" [_thread_blocked, id=6636, stack(0x000000503d470000,0x000000503d570000)]
  0x00000050366d3000 JavaThread "jar transforms Thread 18" [_thread_blocked, id=4260, stack(0x000000503d570000,0x000000503d670000)]
  0x00000050366d9000 JavaThread "jar transforms Thread 19" [_thread_blocked, id=5688, stack(0x000000503d670000,0x000000503d770000)]
  0x00000050366d6800 JavaThread "jar transforms Thread 20" [_thread_blocked, id=4252, stack(0x000000503d770000,0x000000503d870000)]
  0x00000050366d9800 JavaThread "jar transforms Thread 21" [_thread_blocked, id=5468, stack(0x000000503d870000,0x000000503d970000)]
  0x00000050366d7000 JavaThread "jar transforms Thread 22" [_thread_blocked, id=5272, stack(0x000000503d970000,0x000000503da70000)]
  0x00000050366da800 JavaThread "jar transforms Thread 23" [_thread_blocked, id=5152, stack(0x000000503bec0000,0x000000503bfc0000)]
  0x00000050366d8000 JavaThread "jar transforms Thread 24" [_thread_blocked, id=6416, stack(0x000000503db90000,0x000000503dc90000)]
  0x00000050366dc000 JavaThread "jar transforms Thread 25" [_thread_blocked, id=1844, stack(0x000000503dc90000,0x000000503dd90000)]
  0x00000050366dd000 JavaThread "jar transforms Thread 26" [_thread_blocked, id=5556, stack(0x000000503dd90000,0x000000503de90000)]
  0x00000050366db800 JavaThread "jar transforms Thread 27" [_thread_blocked, id=6688, stack(0x000000503de90000,0x000000503df90000)]
  0x00000050366df800 JavaThread "jar transforms Thread 28" [_thread_blocked, id=5268, stack(0x000000503df90000,0x000000503e090000)]
  0x00000050366e0000 JavaThread "jar transforms Thread 29" [_thread_blocked, id=5232, stack(0x000000503e090000,0x000000503e190000)]
  0x00000050366de000 JavaThread "jar transforms Thread 30" [_thread_blocked, id=5856, stack(0x000000503e190000,0x000000503e290000)]
  0x00000050366de800 JavaThread "jar transforms Thread 31" [_thread_blocked, id=5332, stack(0x000000503e290000,0x000000503e390000)]
  0x00000050366e1000 JavaThread "jar transforms Thread 32" [_thread_blocked, id=5996, stack(0x000000503e390000,0x000000503e490000)]
  0x000000503743e000 JavaThread "jar transforms Thread 33" [_thread_blocked, id=5864, stack(0x000000503e490000,0x000000503e590000)]
  0x000000503743d000 JavaThread "jar transforms Thread 34" [_thread_blocked, id=5868, stack(0x000000503e590000,0x000000503e690000)]
  0x000000503743f000 JavaThread "jar transforms Thread 35" [_thread_blocked, id=6032, stack(0x000000503e690000,0x000000503e790000)]
  0x0000005037440800 JavaThread "jar transforms Thread 36" [_thread_blocked, id=5824, stack(0x000000503e790000,0x000000503e890000)]
  0x0000005037441800 JavaThread "jar transforms Thread 37" [_thread_blocked, id=7040, stack(0x000000503e890000,0x000000503e990000)]
  0x0000005037442000 JavaThread "jar transforms Thread 38" [_thread_blocked, id=5924, stack(0x000000503e990000,0x000000503ea90000)]
  0x000000503743f800 JavaThread "jar transforms Thread 39" [_thread_blocked, id=644, stack(0x000000503ea90000,0x000000503eb90000)]
  0x0000005037445800 JavaThread "jar transforms Thread 40" [_thread_blocked, id=6668, stack(0x000000503eb90000,0x000000503ec90000)]
  0x0000005037443000 JavaThread "jar transforms Thread 41" [_thread_blocked, id=6672, stack(0x000000503ec90000,0x000000503ed90000)]
  0x0000005037444800 JavaThread "jar transforms Thread 42" [_thread_blocked, id=3708, stack(0x000000503ed90000,0x000000503ee90000)]
  0x0000005037443800 JavaThread "jar transforms Thread 43" [_thread_blocked, id=3252, stack(0x000000503ee90000,0x000000503ef90000)]
  0x0000005037447000 JavaThread "jar transforms Thread 44" [_thread_blocked, id=364, stack(0x000000503ef90000,0x000000503f090000)]
  0x0000005037448800 JavaThread "jar transforms Thread 45" [_thread_blocked, id=5440, stack(0x000000503f090000,0x000000503f190000)]
  0x0000005037446000 JavaThread "jar transforms Thread 46" [_thread_blocked, id=6004, stack(0x000000503f190000,0x000000503f290000)]
  0x0000005037449800 JavaThread "jar transforms Thread 47" [_thread_blocked, id=6360, stack(0x000000503f290000,0x000000503f390000)]
  0x0000005037448000 JavaThread "jar transforms Thread 48" [_thread_blocked, id=5808, stack(0x000000503f390000,0x000000503f490000)]
  0x000000503744b000 JavaThread "jar transforms Thread 49" [_thread_blocked, id=5252, stack(0x000000503f490000,0x000000503f590000)]
  0x000000503744a800 JavaThread "jar transforms Thread 50" [_thread_blocked, id=6644, stack(0x000000503f590000,0x000000503f690000)]
  0x000000503744c000 JavaThread "jar transforms Thread 51" [_thread_blocked, id=5992, stack(0x000000503f690000,0x000000503f790000)]
  0x000000503a296800 JavaThread "jar transforms Thread 52" [_thread_blocked, id=3020, stack(0x000000503f790000,0x000000503f890000)]
  0x000000503a295000 JavaThread "jar transforms Thread 53" [_thread_blocked, id=5168, stack(0x000000503f890000,0x000000503f990000)]
  0x000000503a294800 JavaThread "jar transforms Thread 54" [_thread_blocked, id=5200, stack(0x000000503f990000,0x000000503fa90000)]
  0x000000503a297800 JavaThread "jar transforms Thread 55" [_thread_blocked, id=1804, stack(0x000000503fa90000,0x000000503fb90000)]
  0x000000503a296000 JavaThread "jar transforms Thread 56" [_thread_blocked, id=6520, stack(0x000000503fb90000,0x000000503fc90000)]
  0x000000503a298800 JavaThread "jar transforms Thread 57" [_thread_blocked, id=6952, stack(0x000000503fc90000,0x000000503fd90000)]
  0x000000503a29b800 JavaThread "jar transforms Thread 58" [_thread_blocked, id=6848, stack(0x000000503fd90000,0x000000503fe90000)]
  0x000000503a29a000 JavaThread "jar transforms Thread 59" [_thread_blocked, id=6356, stack(0x000000503fe90000,0x000000503ff90000)]
  0x000000503a299000 JavaThread "jar transforms Thread 60" [_thread_blocked, id=732, stack(0x000000503ff90000,0x0000005040090000)]
  0x000000503a29c800 JavaThread "jar transforms Thread 61" [_thread_blocked, id=5312, stack(0x0000005040090000,0x0000005040190000)]
  0x000000503a29b000 JavaThread "jar transforms Thread 62" [_thread_blocked, id=6484, stack(0x0000005040190000,0x0000005040290000)]
  0x000000503a29d800 JavaThread "jar transforms Thread 63" [_thread_blocked, id=7000, stack(0x0000005040290000,0x0000005040390000)]
  0x000000503a29f000 JavaThread "jar transforms Thread 64" [_thread_blocked, id=5940, stack(0x0000005040390000,0x0000005040490000)]
  0x000000503a2a0800 JavaThread "jar transforms Thread 65" [_thread_blocked, id=6936, stack(0x0000005040490000,0x0000005040590000)]
  0x000000503a29f800 JavaThread "jar transforms Thread 66" [_thread_blocked, id=6784, stack(0x0000005040590000,0x0000005040690000)]
  0x000000503a29e000 JavaThread "jar transforms Thread 67" [_thread_blocked, id=2424, stack(0x0000005040690000,0x0000005040790000)]
  0x000000503a2a3000 JavaThread "jar transforms Thread 68" [_thread_blocked, id=2120, stack(0x0000005040790000,0x0000005040890000)]
  0x000000503a2a2000 JavaThread "jar transforms Thread 69" [_thread_blocked, id=6084, stack(0x0000005040890000,0x0000005040990000)]
  0x000000503a2a1800 JavaThread "jar transforms Thread 70" [_thread_blocked, id=2404, stack(0x0000005040990000,0x0000005040a90000)]
  0x000000503a2ae000 JavaThread "jar transforms Thread 71" [_thread_blocked, id=3860, stack(0x0000005040a90000,0x0000005040b90000)]
  0x000000503a2ae800 JavaThread "jar transforms Thread 72" [_thread_blocked, id=2204, stack(0x0000005040b90000,0x0000005040c90000)]
  0x000000503a2ac800 JavaThread "jar transforms Thread 73" [_thread_blocked, id=6148, stack(0x0000005040c90000,0x0000005040d90000)]
  0x000000503a2af800 JavaThread "jar transforms Thread 74" [_thread_blocked, id=3748, stack(0x0000005040d90000,0x0000005040e90000)]
  0x000000503a2ad000 JavaThread "jar transforms Thread 75" [_thread_blocked, id=6364, stack(0x0000005040e90000,0x0000005040f90000)]
  0x000000503a2b2000 JavaThread "jar transforms Thread 76" [_thread_blocked, id=5724, stack(0x0000005040f90000,0x0000005041090000)]
  0x000000503a2b1000 JavaThread "jar transforms Thread 77" [_thread_blocked, id=5576, stack(0x0000005041090000,0x0000005041190000)]
  0x000000503a2b3000 JavaThread "jar transforms Thread 78" [_thread_blocked, id=2752, stack(0x0000005041190000,0x0000005041290000)]
  0x000000503a2b0800 JavaThread "jar transforms Thread 79" [_thread_blocked, id=4708, stack(0x0000005041290000,0x0000005041390000)]
  0x000000503a2b3800 JavaThread "jar transforms Thread 80" [_thread_blocked, id=612, stack(0x0000005041390000,0x0000005041490000)]
  0x000000503a2b4800 JavaThread "jar transforms Thread 81" [_thread_blocked, id=4104, stack(0x000000503bfc0000,0x000000503c0c0000)]
  0x000000503a2b7000 JavaThread "jar transforms Thread 82" [_thread_blocked, id=6256, stack(0x000000503da70000,0x000000503db70000)]
  0x000000503a2b7800 JavaThread "jar transforms Thread 83" [_thread_blocked, id=6388, stack(0x0000005041490000,0x0000005041590000)]
  0x000000503a2b5800 JavaThread "jar transforms Thread 84" [_thread_blocked, id=580, stack(0x0000005041590000,0x0000005041690000)]
  0x000000503a2b6000 JavaThread "jar transforms Thread 85" [_thread_blocked, id=6180, stack(0x0000005041690000,0x0000005041790000)]
  0x000000503a2ba000 JavaThread "Memory manager" [_thread_blocked, id=4528, stack(0x0000005042d60000,0x0000005042e60000)]
  0x000000503a2bb000 JavaThread "jar transforms Thread 86" [_thread_blocked, id=2844, stack(0x0000005043460000,0x0000005043560000)]
  0x000000503a2b8800 JavaThread "jar transforms Thread 87" [_thread_blocked, id=2384, stack(0x0000005043560000,0x0000005043660000)]
  0x000000503a2b9800 JavaThread "jar transforms Thread 88" [_thread_blocked, id=5400, stack(0x0000005043660000,0x0000005043760000)]
  0x0000005039833000 JavaThread "jar transforms Thread 89" [_thread_blocked, id=1748, stack(0x0000005043760000,0x0000005043860000)]
  0x0000005039833800 JavaThread "jar transforms Thread 90" [_thread_blocked, id=1876, stack(0x0000005043860000,0x0000005043960000)]
  0x0000005039832000 JavaThread "jar transforms Thread 91" [_thread_blocked, id=4400, stack(0x0000005043960000,0x0000005043a60000)]
  0x0000005039831000 JavaThread "jar transforms Thread 92" [_thread_blocked, id=1224, stack(0x0000005043a60000,0x0000005043b60000)]
  0x0000005039837000 JavaThread "Execution worker for ':'" [_thread_blocked, id=3892, stack(0x0000005046bf0000,0x0000005046cf0000)]
  0x0000005039834800 JavaThread "Execution worker for ':' Thread 2" [_thread_blocked, id=4024, stack(0x00000050473b0000,0x00000050474b0000)]
  0x0000005039837800 JavaThread "Execution worker for ':' Thread 3" [_thread_blocked, id=3240, stack(0x00000050474b0000,0x00000050475b0000)]
  0x0000005039835800 JavaThread "Cache worker for execution history cache (E:\welzapp\welzapp\android\.gradle\6.8\executionHistory)" [_thread_blocked, id=3360, stack(0x0000005047830000,0x0000005047930000)]
  0x000000503983b000 JavaThread "Exec process" [_thread_in_native, id=3484, stack(0x0000005037c10000,0x0000005037d10000)]
  0x0000005039838800 JavaThread "Exec process Thread 2" [_thread_in_native, id=7056, stack(0x0000005047b30000,0x0000005047c30000)]
  0x000000503983c000 JavaThread "Exec process Thread 3" [_thread_in_native, id=5300, stack(0x0000005047c30000,0x0000005047d30000)]

Other Threads:
  0x00000050337c4000 VMThread "VM Thread" [stack: 0x0000005033bb0000,0x0000005033cb0000] [id=5276]
  0x00000050339df000 WatcherThread [stack: 0x0000005034690000,0x0000005034790000] [id=5412]
  0x000000501313d000 GCTaskThread "GC Thread#0" [stack: 0x0000005012ab0000,0x0000005012bb0000] [id=3792]
  0x000000503486a000 GCTaskThread "GC Thread#1" [stack: 0x0000005035f60000,0x0000005036060000] [id=7004]
  0x000000503486b000 GCTaskThread "GC Thread#2" [stack: 0x0000005036060000,0x0000005036160000] [id=2108]
  0x0000005033b59800 GCTaskThread "GC Thread#3" [stack: 0x0000005038a00000,0x0000005038b00000] [id=4248]
  0x00000050131a3800 ConcurrentGCThread "G1 Main Marker" [stack: 0x0000005030570000,0x0000005030670000] [id=200]
  0x00000050131a5000 ConcurrentGCThread "G1 Conc#0" [stack: 0x0000005030670000,0x0000005030770000] [id=4972]
  0x0000005032c20800 ConcurrentGCThread "G1 Refine#0" [stack: 0x0000005032db0000,0x0000005032eb0000] [id=1784]
  0x0000005032c21800 ConcurrentGCThread "G1 Young RemSet Sampling" [stack: 0x0000005032eb0000,0x0000005032fb0000] [id=5772]

Threads with active compile tasks:
C2 CompilerThread0 101379 12951       4       org.gradle.internal.logging.text.AbstractLineChoppingStyledTextOutput$1::execute (130 bytes)

VM state:not at safepoint (normal execution)

VM Mutex/Monitor currently owned by a thread: None

Heap address: 0x00000006e0000000, size: 4608 MB, Compressed Oops mode: Zero based, Oop shift amount: 3
Narrow klass base: 0x0000000800000000, Narrow klass shift: 0
Compressed class space size: 1073741824 Address: 0x0000000800000000

Heap:
 garbage-first heap   total 287744K, used 188081K [0x00000006e0000000, 0x0000000800000000)
  region size 1024K, 61 young (62464K), 3 survivors (3072K)
 Metaspace       used 86284K, capacity 90861K, committed 90992K, reserved 1128448K
  class space    used 11161K, capacity 12592K, committed 12620K, reserved 1048576K
Heap Regions: E=young(eden), S=young(survivor), O=old, HS=humongous(starts), HC=humongous(continues), CS=collection set, F=free, A=archive, TAMS=top-at-mark-start (previous, next)
|   0|0x00000006e0000000, 0x00000006e0100000, 0x00000006e0100000|100%| O|  |TAMS 0x00000006e0100000, 0x00000006e0000000| Untracked 
|   1|0x00000006e0100000, 0x00000006e0200000, 0x00000006e0200000|100%| O|  |TAMS 0x00000006e0200000, 0x00000006e0100000| Untracked 
|   2|0x00000006e0200000, 0x00000006e0300000, 0x00000006e0300000|100%| O|  |TAMS 0x00000006e0300000, 0x00000006e0200000| Untracked 
|   3|0x00000006e0300000, 0x00000006e0400000, 0x00000006e0400000|100%|HS|  |TAMS 0x00000006e0400000, 0x00000006e0300000| Complete 
|   4|0x00000006e0400000, 0x00000006e0500000, 0x00000006e0500000|100%|HC|  |TAMS 0x00000006e0500000, 0x00000006e0400000| Complete 
|   5|0x00000006e0500000, 0x00000006e0600000, 0x00000006e0600000|100%|HC|  |TAMS 0x00000006e0600000, 0x00000006e0500000| Complete 
|   6|0x00000006e0600000, 0x00000006e0700000, 0x00000006e0700000|100%| O|  |TAMS 0x00000006e0700000, 0x00000006e0600000| Untracked 
|   7|0x00000006e0700000, 0x00000006e0800000, 0x00000006e0800000|100%| O|  |TAMS 0x00000006e0800000, 0x00000006e0700000| Untracked 
|   8|0x00000006e0800000, 0x00000006e0900000, 0x00000006e0900000|100%| O|  |TAMS 0x00000006e0900000, 0x00000006e0800000| Untracked 
|   9|0x00000006e0900000, 0x00000006e0a00000, 0x00000006e0a00000|100%| O|  |TAMS 0x00000006e0a00000, 0x00000006e0900000| Untracked 
|  10|0x00000006e0a00000, 0x00000006e0b00000, 0x00000006e0b00000|100%| O|  |TAMS 0x00000006e0b00000, 0x00000006e0a00000| Untracked 
|  11|0x00000006e0b00000, 0x00000006e0c00000, 0x00000006e0c00000|100%| O|  |TAMS 0x00000006e0c00000, 0x00000006e0b00000| Untracked 
|  12|0x00000006e0c00000, 0x00000006e0d00000, 0x00000006e0d00000|100%| O|  |TAMS 0x00000006e0d00000, 0x00000006e0c00000| Untracked 
|  13|0x00000006e0d00000, 0x00000006e0e00000, 0x00000006e0e00000|100%| O|  |TAMS 0x00000006e0e00000, 0x00000006e0d00000| Untracked 
|  14|0x00000006e0e00000, 0x00000006e0f00000, 0x00000006e0f00000|100%| O|  |TAMS 0x00000006e0f00000, 0x00000006e0e00000| Untracked 
|  15|0x00000006e0f00000, 0x00000006e1000000, 0x00000006e1000000|100%| O|  |TAMS 0x00000006e1000000, 0x00000006e0f00000| Untracked 
|  16|0x00000006e1000000, 0x00000006e1100000, 0x00000006e1100000|100%| O|  |TAMS 0x00000006e1100000, 0x00000006e1000000| Untracked 
|  17|0x00000006e1100000, 0x00000006e1200000, 0x00000006e1200000|100%| O|  |TAMS 0x00000006e1200000, 0x00000006e1100000| Untracked 
|  18|0x00000006e1200000, 0x00000006e1300000, 0x00000006e1300000|100%|HS|  |TAMS 0x00000006e1300000, 0x00000006e1200000| Complete 
|  19|0x00000006e1300000, 0x00000006e1400000, 0x00000006e1400000|100%|HC|  |TAMS 0x00000006e1400000, 0x00000006e1300000| Complete 
|  20|0x00000006e1400000, 0x00000006e1500000, 0x00000006e1500000|100%| O|  |TAMS 0x00000006e1500000, 0x00000006e1400000| Untracked 
|  21|0x00000006e1500000, 0x00000006e1600000, 0x00000006e1600000|100%| O|  |TAMS 0x00000006e1600000, 0x00000006e1500000| Untracked 
|  22|0x00000006e1600000, 0x00000006e1700000, 0x00000006e1700000|100%| O|  |TAMS 0x00000006e1700000, 0x00000006e1600000| Untracked 
|  23|0x00000006e1700000, 0x00000006e1800000, 0x00000006e1800000|100%| O|  |TAMS 0x00000006e1800000, 0x00000006e1700000| Untracked 
|  24|0x00000006e1800000, 0x00000006e1900000, 0x00000006e1900000|100%| O|  |TAMS 0x00000006e1900000, 0x00000006e1800000| Untracked 
|  25|0x00000006e1900000, 0x00000006e1a00000, 0x00000006e1a00000|100%| O|  |TAMS 0x00000006e1a00000, 0x00000006e1900000| Untracked 
|  26|0x00000006e1a00000, 0x00000006e1b00000, 0x00000006e1b00000|100%| O|  |TAMS 0x00000006e1b00000, 0x00000006e1a00000| Untracked 
|  27|0x00000006e1b00000, 0x00000006e1c00000, 0x00000006e1c00000|100%| O|  |TAMS 0x00000006e1c00000, 0x00000006e1b00000| Untracked 
|  28|0x00000006e1c00000, 0x00000006e1d00000, 0x00000006e1d00000|100%| O|  |TAMS 0x00000006e1d00000, 0x00000006e1c00000| Untracked 
|  29|0x00000006e1d00000, 0x00000006e1e00000, 0x00000006e1e00000|100%| O|  |TAMS 0x00000006e1e00000, 0x00000006e1d00000| Untracked 
|  30|0x00000006e1e00000, 0x00000006e1f00000, 0x00000006e1f00000|100%| O|  |TAMS 0x00000006e1f00000, 0x00000006e1e00000| Untracked 
|  31|0x00000006e1f00000, 0x00000006e2000000, 0x00000006e2000000|100%| O|  |TAMS 0x00000006e2000000, 0x00000006e1f00000| Untracked 
|  32|0x00000006e2000000, 0x00000006e2100000, 0x00000006e2100000|100%| O|  |TAMS 0x00000006e2100000, 0x00000006e2000000| Untracked 
|  33|0x00000006e2100000, 0x00000006e2200000, 0x00000006e2200000|100%| O|  |TAMS 0x00000006e2200000, 0x00000006e2100000| Untracked 
|  34|0x00000006e2200000, 0x00000006e2300000, 0x00000006e2300000|100%| O|  |TAMS 0x00000006e2300000, 0x00000006e2200000| Untracked 
|  35|0x00000006e2300000, 0x00000006e2400000, 0x00000006e2400000|100%| O|  |TAMS 0x00000006e2400000, 0x00000006e2300000| Untracked 
|  36|0x00000006e2400000, 0x00000006e2500000, 0x00000006e2500000|100%|HS|  |TAMS 0x00000006e2500000, 0x00000006e2400000| Complete 
|  37|0x00000006e2500000, 0x00000006e2600000, 0x00000006e2600000|100%| O|  |TAMS 0x00000006e2600000, 0x00000006e2500000| Untracked 
|  38|0x00000006e2600000, 0x00000006e2700000, 0x00000006e2700000|100%| O|  |TAMS 0x00000006e2700000, 0x00000006e2600000| Untracked 
|  39|0x00000006e2700000, 0x00000006e2800000, 0x00000006e2800000|100%| O|  |TAMS 0x00000006e2800000, 0x00000006e2700000| Untracked 
|  40|0x00000006e2800000, 0x00000006e2900000, 0x00000006e2900000|100%| O|  |TAMS 0x00000006e2900000, 0x00000006e2800000| Untracked 
|  41|0x00000006e2900000, 0x00000006e2a00000, 0x00000006e2a00000|100%| O|  |TAMS 0x00000006e2a00000, 0x00000006e2900000| Untracked 
|  42|0x00000006e2a00000, 0x00000006e2b00000, 0x00000006e2b00000|100%| O|  |TAMS 0x00000006e2b00000, 0x00000006e2a00000| Untracked 
|  43|0x00000006e2b00000, 0x00000006e2c00000, 0x00000006e2c00000|100%| O|  |TAMS 0x00000006e2c00000, 0x00000006e2b00000| Untracked 
|  44|0x00000006e2c00000, 0x00000006e2d00000, 0x00000006e2d00000|100%| O|  |TAMS 0x00000006e2d00000, 0x00000006e2c00000| Untracked 
|  45|0x00000006e2d00000, 0x00000006e2e00000, 0x00000006e2e00000|100%| O|  |TAMS 0x00000006e2e00000, 0x00000006e2d00000| Untracked 
|  46|0x00000006e2e00000, 0x00000006e2f00000, 0x00000006e2f00000|100%| O|  |TAMS 0x00000006e2f00000, 0x00000006e2e00000| Untracked 
|  47|0x00000006e2f00000, 0x00000006e3000000, 0x00000006e3000000|100%| O|  |TAMS 0x00000006e3000000, 0x00000006e2f00000| Untracked 
|  48|0x00000006e3000000, 0x00000006e3100000, 0x00000006e3100000|100%|HS|  |TAMS 0x00000006e3100000, 0x00000006e3000000| Complete 
|  49|0x00000006e3100000, 0x00000006e3200000, 0x00000006e3200000|100%|HC|  |TAMS 0x00000006e3200000, 0x00000006e3100000| Complete 
|  50|0x00000006e3200000, 0x00000006e3300000, 0x00000006e3300000|100%|HC|  |TAMS 0x00000006e3300000, 0x00000006e3200000| Complete 
|  51|0x00000006e3300000, 0x00000006e3400000, 0x00000006e3400000|100%| O|  |TAMS 0x00000006e3400000, 0x00000006e3300000| Untracked 
|  52|0x00000006e3400000, 0x00000006e3500000, 0x00000006e3500000|100%| O|  |TAMS 0x00000006e3500000, 0x00000006e3400000| Untracked 
|  53|0x00000006e3500000, 0x00000006e3600000, 0x00000006e3600000|100%| O|  |TAMS 0x00000006e3600000, 0x00000006e3500000| Untracked 
|  54|0x00000006e3600000, 0x00000006e3700000, 0x00000006e3700000|100%| O|  |TAMS 0x00000006e3700000, 0x00000006e3600000| Untracked 
|  55|0x00000006e3700000, 0x00000006e3800000, 0x00000006e3800000|100%| O|  |TAMS 0x00000006e3800000, 0x00000006e3700000| Untracked 
|  56|0x00000006e3800000, 0x00000006e3900000, 0x00000006e3900000|100%| O|  |TAMS 0x00000006e3900000, 0x00000006e3800000| Untracked 
|  57|0x00000006e3900000, 0x00000006e3a00000, 0x00000006e3a00000|100%| O|  |TAMS 0x00000006e3a00000, 0x00000006e3900000| Untracked 
|  58|0x00000006e3a00000, 0x00000006e3b00000, 0x00000006e3b00000|100%| O|  |TAMS 0x00000006e3b00000, 0x00000006e3a00000| Untracked 
|  59|0x00000006e3b00000, 0x00000006e3c00000, 0x00000006e3c00000|100%| O|  |TAMS 0x00000006e3c00000, 0x00000006e3b00000| Untracked 
|  60|0x00000006e3c00000, 0x00000006e3d00000, 0x00000006e3d00000|100%| O|  |TAMS 0x00000006e3d00000, 0x00000006e3c00000| Untracked 
|  61|0x00000006e3d00000, 0x00000006e3e00000, 0x00000006e3e00000|100%| O|  |TAMS 0x00000006e3e00000, 0x00000006e3d00000| Untracked 
|  62|0x00000006e3e00000, 0x00000006e3f00000, 0x00000006e3f00000|100%| O|  |TAMS 0x00000006e3f00000, 0x00000006e3e00000| Untracked 
|  63|0x00000006e3f00000, 0x00000006e4000000, 0x00000006e4000000|100%| O|  |TAMS 0x00000006e4000000, 0x00000006e3f00000| Untracked 
|  64|0x00000006e4000000, 0x00000006e4100000, 0x00000006e4100000|100%| O|  |TAMS 0x00000006e4100000, 0x00000006e4000000| Untracked 
|  65|0x00000006e4100000, 0x00000006e4200000, 0x00000006e4200000|100%| O|  |TAMS 0x00000006e4200000, 0x00000006e4100000| Untracked 
|  66|0x00000006e4200000, 0x00000006e4300000, 0x00000006e4300000|100%| O|  |TAMS 0x00000006e4300000, 0x00000006e4200000| Untracked 
|  67|0x00000006e4300000, 0x00000006e4400000, 0x00000006e4400000|100%| O|  |TAMS 0x00000006e4400000, 0x00000006e4300000| Untracked 
|  68|0x00000006e4400000, 0x00000006e4500000, 0x00000006e4500000|100%| O|  |TAMS 0x00000006e4500000, 0x00000006e4400000| Untracked 
|  69|0x00000006e4500000, 0x00000006e4600000, 0x00000006e4600000|100%| O|  |TAMS 0x00000006e4600000, 0x00000006e4500000| Untracked 
|  70|0x00000006e4600000, 0x00000006e4700000, 0x00000006e4700000|100%| O|  |TAMS 0x00000006e4700000, 0x00000006e4600000| Untracked 
|  71|0x00000006e4700000, 0x00000006e4800000, 0x00000006e4800000|100%| O|  |TAMS 0x00000006e4800000, 0x00000006e4700000| Untracked 
|  72|0x00000006e4800000, 0x00000006e4900000, 0x00000006e4900000|100%| O|  |TAMS 0x00000006e4900000, 0x00000006e4800000| Untracked 
|  73|0x00000006e4900000, 0x00000006e4a00000, 0x00000006e4a00000|100%| O|  |TAMS 0x00000006e4a00000, 0x00000006e4900000| Untracked 
|  74|0x00000006e4a00000, 0x00000006e4b00000, 0x00000006e4b00000|100%| O|  |TAMS 0x00000006e4b00000, 0x00000006e4a00000| Untracked 
|  75|0x00000006e4b00000, 0x00000006e4c00000, 0x00000006e4c00000|100%| O|  |TAMS 0x00000006e4c00000, 0x00000006e4b00000| Untracked 
|  76|0x00000006e4c00000, 0x00000006e4d00000, 0x00000006e4d00000|100%| O|  |TAMS 0x00000006e4d00000, 0x00000006e4c00000| Untracked 
|  77|0x00000006e4d00000, 0x00000006e4e00000, 0x00000006e4e00000|100%| O|  |TAMS 0x00000006e4e00000, 0x00000006e4d00000| Untracked 
|  78|0x00000006e4e00000, 0x00000006e4f00000, 0x00000006e4f00000|100%| O|  |TAMS 0x00000006e4f00000, 0x00000006e4e00000| Untracked 
|  79|0x00000006e4f00000, 0x00000006e5000000, 0x00000006e5000000|100%| O|  |TAMS 0x00000006e5000000, 0x00000006e4f00000| Untracked 
|  80|0x00000006e5000000, 0x00000006e5100000, 0x00000006e5100000|100%| O|  |TAMS 0x00000006e5100000, 0x00000006e5000000| Untracked 
|  81|0x00000006e5100000, 0x00000006e5200000, 0x00000006e5200000|100%| O|  |TAMS 0x00000006e5200000, 0x00000006e5100000| Untracked 
|  82|0x00000006e5200000, 0x00000006e5300000, 0x00000006e5300000|100%| O|  |TAMS 0x00000006e5300000, 0x00000006e5200000| Untracked 
|  83|0x00000006e5300000, 0x00000006e5400000, 0x00000006e5400000|100%| O|  |TAMS 0x00000006e5400000, 0x00000006e5300000| Untracked 
|  84|0x00000006e5400000, 0x00000006e5500000, 0x00000006e5500000|100%| O|  |TAMS 0x00000006e5500000, 0x00000006e5400000| Untracked 
|  85|0x00000006e5500000, 0x00000006e5600000, 0x00000006e5600000|100%| O|  |TAMS 0x00000006e5600000, 0x00000006e5500000| Untracked 
|  86|0x00000006e5600000, 0x00000006e5700000, 0x00000006e5700000|100%| O|  |TAMS 0x00000006e5700000, 0x00000006e5600000| Untracked 
|  87|0x00000006e5700000, 0x00000006e5800000, 0x00000006e5800000|100%| O|  |TAMS 0x00000006e5800000, 0x00000006e5700000| Untracked 
|  88|0x00000006e5800000, 0x00000006e5900000, 0x00000006e5900000|100%| O|  |TAMS 0x00000006e5900000, 0x00000006e5800000| Untracked 
|  89|0x00000006e5900000, 0x00000006e5a00000, 0x00000006e5a00000|100%| O|  |TAMS 0x00000006e5a00000, 0x00000006e5900000| Untracked 
|  90|0x00000006e5a00000, 0x00000006e5b00000, 0x00000006e5b00000|100%| O|  |TAMS 0x00000006e5b00000, 0x00000006e5a00000| Untracked 
|  91|0x00000006e5b00000, 0x00000006e5c00000, 0x00000006e5c00000|100%| O|  |TAMS 0x00000006e5c00000, 0x00000006e5b00000| Untracked 
|  92|0x00000006e5c00000, 0x00000006e5d00000, 0x00000006e5d00000|100%| O|  |TAMS 0x00000006e5d00000, 0x00000006e5c00000| Untracked 
|  93|0x00000006e5d00000, 0x00000006e5e00000, 0x00000006e5e00000|100%| O|  |TAMS 0x00000006e5e00000, 0x00000006e5d00000| Untracked 
|  94|0x00000006e5e00000, 0x00000006e5f00000, 0x00000006e5f00000|100%| O|  |TAMS 0x00000006e5f00000, 0x00000006e5e00000| Untracked 
|  95|0x00000006e5f00000, 0x00000006e6000000, 0x00000006e6000000|100%| O|  |TAMS 0x00000006e6000000, 0x00000006e5f00000| Untracked 
|  96|0x00000006e6000000, 0x00000006e6100000, 0x00000006e6100000|100%| O|  |TAMS 0x00000006e6100000, 0x00000006e6000000| Untracked 
|  97|0x00000006e6100000, 0x00000006e6200000, 0x00000006e6200000|100%| O|  |TAMS 0x00000006e6200000, 0x00000006e6100000| Untracked 
|  98|0x00000006e6200000, 0x00000006e6300000, 0x00000006e6300000|100%| O|  |TAMS 0x00000006e6300000, 0x00000006e6200000| Untracked 
|  99|0x00000006e6300000, 0x00000006e6400000, 0x00000006e6400000|100%| O|  |TAMS 0x00000006e6400000, 0x00000006e6300000| Untracked 
| 100|0x00000006e6400000, 0x00000006e6500000, 0x00000006e6500000|100%| O|  |TAMS 0x00000006e6500000, 0x00000006e6400000| Untracked 
| 101|0x00000006e6500000, 0x00000006e6600000, 0x00000006e6600000|100%| O|  |TAMS 0x00000006e6600000, 0x00000006e6500000| Untracked 
| 102|0x00000006e6600000, 0x00000006e6700000, 0x00000006e6700000|100%| O|  |TAMS 0x00000006e6700000, 0x00000006e6600000| Untracked 
| 103|0x00000006e6700000, 0x00000006e6800000, 0x00000006e6800000|100%| O|  |TAMS 0x00000006e6800000, 0x00000006e6700000| Untracked 
| 104|0x00000006e6800000, 0x00000006e6900000, 0x00000006e6900000|100%| O|  |TAMS 0x00000006e6900000, 0x00000006e6800000| Untracked 
| 105|0x00000006e6900000, 0x00000006e6a00000, 0x00000006e6a00000|100%| O|  |TAMS 0x00000006e6a00000, 0x00000006e6900000| Untracked 
| 106|0x00000006e6a00000, 0x00000006e6b00000, 0x00000006e6b00000|100%| O|  |TAMS 0x00000006e6b00000, 0x00000006e6a00000| Untracked 
| 107|0x00000006e6b00000, 0x00000006e6c00000, 0x00000006e6c00000|100%| O|  |TAMS 0x00000006e6c00000, 0x00000006e6b00000| Untracked 
| 108|0x00000006e6c00000, 0x00000006e6d00000, 0x00000006e6d00000|100%| O|  |TAMS 0x00000006e6d00000, 0x00000006e6c00000| Untracked 
| 109|0x00000006e6d00000, 0x00000006e6e00000, 0x00000006e6e00000|100%| O|  |TAMS 0x00000006e6e00000, 0x00000006e6d00000| Untracked 
| 110|0x00000006e6e00000, 0x00000006e6f00000, 0x00000006e6f00000|100%| O|  |TAMS 0x00000006e6f00000, 0x00000006e6e00000| Untracked 
| 111|0x00000006e6f00000, 0x00000006e7000000, 0x00000006e7000000|100%| O|  |TAMS 0x00000006e7000000, 0x00000006e6f00000| Untracked 
| 112|0x00000006e7000000, 0x00000006e7100000, 0x00000006e7100000|100%| O|  |TAMS 0x00000006e7100000, 0x00000006e7000000| Untracked 
| 113|0x00000006e7100000, 0x00000006e7200000, 0x00000006e7200000|100%| O|  |TAMS 0x00000006e7200000, 0x00000006e7100000| Untracked 
| 114|0x00000006e7200000, 0x00000006e7300000, 0x00000006e7300000|100%| O|  |TAMS 0x00000006e7300000, 0x00000006e7200000| Untracked 
| 115|0x00000006e7300000, 0x00000006e7400000, 0x00000006e7400000|100%| O|  |TAMS 0x00000006e7400000, 0x00000006e7300000| Untracked 
| 116|0x00000006e7400000, 0x00000006e7500000, 0x00000006e7500000|100%| O|  |TAMS 0x00000006e7500000, 0x00000006e7400000| Untracked 
| 117|0x00000006e7500000, 0x00000006e7600000, 0x00000006e7600000|100%| O|  |TAMS 0x00000006e7600000, 0x00000006e7500000| Untracked 
| 118|0x00000006e7600000, 0x00000006e7700000, 0x00000006e7700000|100%| O|  |TAMS 0x00000006e7700000, 0x00000006e7600000| Untracked 
| 119|0x00000006e7700000, 0x00000006e7800000, 0x00000006e7800000|100%| O|  |TAMS 0x00000006e7800000, 0x00000006e7700000| Untracked 
| 120|0x00000006e7800000, 0x00000006e7900000, 0x00000006e7900000|100%| O|  |TAMS 0x00000006e7900000, 0x00000006e7800000| Untracked 
| 121|0x00000006e7900000, 0x00000006e7a00000, 0x00000006e7a00000|100%|HS|  |TAMS 0x00000006e7900000, 0x00000006e7900000| Complete 
| 122|0x00000006e7a00000, 0x00000006e7b00000, 0x00000006e7b00000|100%|HS|  |TAMS 0x00000006e7a00000, 0x00000006e7a00000| Complete 
| 123|0x00000006e7b00000, 0x00000006e7c00000, 0x00000006e7c00000|100%|HS|  |TAMS 0x00000006e7b00000, 0x00000006e7b00000| Complete 
| 124|0x00000006e7c00000, 0x00000006e7d00000, 0x00000006e7d00000|100%|HS|  |TAMS 0x00000006e7c00000, 0x00000006e7c00000| Complete 
| 125|0x00000006e7d00000, 0x00000006e7d00000, 0x00000006e7e00000|  0%| F|  |TAMS 0x00000006e7d00000, 0x00000006e7d00000| Untracked 
| 126|0x00000006e7e00000, 0x00000006e7e00000, 0x00000006e7f00000|  0%| F|  |TAMS 0x00000006e7e00000, 0x00000006e7e00000| Untracked 
| 127|0x00000006e7f00000, 0x00000006e7f00000, 0x00000006e8000000|  0%| F|  |TAMS 0x00000006e7f00000, 0x00000006e7f00000| Untracked 
| 128|0x00000006e8000000, 0x00000006e8000000, 0x00000006e8100000|  0%| F|  |TAMS 0x00000006e8000000, 0x00000006e8000000| Untracked 
| 129|0x00000006e8100000, 0x00000006e8100000, 0x00000006e8200000|  0%| F|  |TAMS 0x00000006e8100000, 0x00000006e8100000| Untracked 
| 130|0x00000006e8200000, 0x00000006e8200000, 0x00000006e8300000|  0%| F|  |TAMS 0x00000006e8200000, 0x00000006e8200000| Untracked 
| 131|0x00000006e8300000, 0x00000006e8300000, 0x00000006e8400000|  0%| F|  |TAMS 0x00000006e8300000, 0x00000006e8300000| Untracked 
| 132|0x00000006e8400000, 0x00000006e8400000, 0x00000006e8500000|  0%| F|  |TAMS 0x00000006e8400000, 0x00000006e8400000| Untracked 
| 133|0x00000006e8500000, 0x00000006e8500000, 0x00000006e8600000|  0%| F|  |TAMS 0x00000006e8500000, 0x00000006e8500000| Untracked 
| 134|0x00000006e8600000, 0x00000006e8600000, 0x00000006e8700000|  0%| F|  |TAMS 0x00000006e8600000, 0x00000006e8600000| Untracked 
| 135|0x00000006e8700000, 0x00000006e8700000, 0x00000006e8800000|  0%| F|  |TAMS 0x00000006e8700000, 0x00000006e8700000| Untracked 
| 136|0x00000006e8800000, 0x00000006e8800000, 0x00000006e8900000|  0%| F|  |TAMS 0x00000006e8800000, 0x00000006e8800000| Untracked 
| 137|0x00000006e8900000, 0x00000006e8900000, 0x00000006e8a00000|  0%| F|  |TAMS 0x00000006e8900000, 0x00000006e8900000| Untracked 
| 138|0x00000006e8a00000, 0x00000006e8a00000, 0x00000006e8b00000|  0%| F|  |TAMS 0x00000006e8a00000, 0x00000006e8a00000| Untracked 
| 139|0x00000006e8b00000, 0x00000006e8b00000, 0x00000006e8c00000|  0%| F|  |TAMS 0x00000006e8b00000, 0x00000006e8b00000| Untracked 
| 140|0x00000006e8c00000, 0x00000006e8c00000, 0x00000006e8d00000|  0%| F|  |TAMS 0x00000006e8c00000, 0x00000006e8c00000| Untracked 
| 141|0x00000006e8d00000, 0x00000006e8d00000, 0x00000006e8e00000|  0%| F|  |TAMS 0x00000006e8d00000, 0x00000006e8d00000| Untracked 
| 142|0x00000006e8e00000, 0x00000006e8e00000, 0x00000006e8f00000|  0%| F|  |TAMS 0x00000006e8e00000, 0x00000006e8e00000| Untracked 
| 143|0x00000006e8f00000, 0x00000006e8f00000, 0x00000006e9000000|  0%| F|  |TAMS 0x00000006e8f00000, 0x00000006e8f00000| Untracked 
| 144|0x00000006e9000000, 0x00000006e9000000, 0x00000006e9100000|  0%| F|  |TAMS 0x00000006e9000000, 0x00000006e9000000| Untracked 
| 145|0x00000006e9100000, 0x00000006e9100000, 0x00000006e9200000|  0%| F|  |TAMS 0x00000006e9100000, 0x00000006e9100000| Untracked 
| 146|0x00000006e9200000, 0x00000006e9200000, 0x00000006e9300000|  0%| F|  |TAMS 0x00000006e9200000, 0x00000006e9200000| Untracked 
| 147|0x00000006e9300000, 0x00000006e9300000, 0x00000006e9400000|  0%| F|  |TAMS 0x00000006e9300000, 0x00000006e9300000| Untracked 
| 148|0x00000006e9400000, 0x00000006e9400000, 0x00000006e9500000|  0%| F|  |TAMS 0x00000006e9400000, 0x00000006e9400000| Untracked 
| 149|0x00000006e9500000, 0x00000006e9500000, 0x00000006e9600000|  0%| F|  |TAMS 0x00000006e9500000, 0x00000006e9500000| Untracked 
| 150|0x00000006e9600000, 0x00000006e9600000, 0x00000006e9700000|  0%| F|  |TAMS 0x00000006e9600000, 0x00000006e9600000| Untracked 
| 151|0x00000006e9700000, 0x00000006e9700000, 0x00000006e9800000|  0%| F|  |TAMS 0x00000006e9700000, 0x00000006e9700000| Untracked 
| 152|0x00000006e9800000, 0x00000006e9800000, 0x00000006e9900000|  0%| F|  |TAMS 0x00000006e9800000, 0x00000006e9800000| Untracked 
| 153|0x00000006e9900000, 0x00000006e9900000, 0x00000006e9a00000|  0%| F|  |TAMS 0x00000006e9900000, 0x00000006e9900000| Untracked 
| 154|0x00000006e9a00000, 0x00000006e9a00000, 0x00000006e9b00000|  0%| F|  |TAMS 0x00000006e9a00000, 0x00000006e9a00000| Untracked 
| 155|0x00000006e9b00000, 0x00000006e9b00000, 0x00000006e9c00000|  0%| F|  |TAMS 0x00000006e9b00000, 0x00000006e9b00000| Untracked 
| 156|0x00000006e9c00000, 0x00000006e9c00000, 0x00000006e9d00000|  0%| F|  |TAMS 0x00000006e9c00000, 0x00000006e9c00000| Untracked 
| 157|0x00000006e9d00000, 0x00000006e9d00000, 0x00000006e9e00000|  0%| F|  |TAMS 0x00000006e9d00000, 0x00000006e9d00000| Untracked 
| 158|0x00000006e9e00000, 0x00000006e9e00000, 0x00000006e9f00000|  0%| F|  |TAMS 0x00000006e9e00000, 0x00000006e9e00000| Untracked 
| 159|0x00000006e9f00000, 0x00000006e9f00000, 0x00000006ea000000|  0%| F|  |TAMS 0x00000006e9f00000, 0x00000006e9f00000| Untracked 
| 160|0x00000006ea000000, 0x00000006ea000000, 0x00000006ea100000|  0%| F|  |TAMS 0x00000006ea000000, 0x00000006ea000000| Untracked 
| 161|0x00000006ea100000, 0x00000006ea100000, 0x00000006ea200000|  0%| F|  |TAMS 0x00000006ea100000, 0x00000006ea100000| Untracked 
| 162|0x00000006ea200000, 0x00000006ea200000, 0x00000006ea300000|  0%| F|  |TAMS 0x00000006ea200000, 0x00000006ea200000| Untracked 
| 163|0x00000006ea300000, 0x00000006ea300000, 0x00000006ea400000|  0%| F|  |TAMS 0x00000006ea300000, 0x00000006ea300000| Untracked 
| 164|0x00000006ea400000, 0x00000006ea400000, 0x00000006ea500000|  0%| F|  |TAMS 0x00000006ea400000, 0x00000006ea400000| Untracked 
| 165|0x00000006ea500000, 0x00000006ea500000, 0x00000006ea600000|  0%| F|  |TAMS 0x00000006ea500000, 0x00000006ea500000| Untracked 
| 166|0x00000006ea600000, 0x00000006ea600000, 0x00000006ea700000|  0%| F|  |TAMS 0x00000006ea600000, 0x00000006ea600000| Untracked 
| 167|0x00000006ea700000, 0x00000006ea700000, 0x00000006ea800000|  0%| F|  |TAMS 0x00000006ea700000, 0x00000006ea700000| Untracked 
| 168|0x00000006ea800000, 0x00000006ea800000, 0x00000006ea900000|  0%| F|  |TAMS 0x00000006ea800000, 0x00000006ea800000| Untracked 
| 169|0x00000006ea900000, 0x00000006ea900000, 0x00000006eaa00000|  0%| F|  |TAMS 0x00000006ea900000, 0x00000006ea900000| Untracked 
| 170|0x00000006eaa00000, 0x00000006eaa00000, 0x00000006eab00000|  0%| F|  |TAMS 0x00000006eaa00000, 0x00000006eaa00000| Untracked 
| 171|0x00000006eab00000, 0x00000006eab00000, 0x00000006eac00000|  0%| F|  |TAMS 0x00000006eab00000, 0x00000006eab00000| Untracked 
| 172|0x00000006eac00000, 0x00000006eac00000, 0x00000006ead00000|  0%| F|  |TAMS 0x00000006eac00000, 0x00000006eac00000| Untracked 
| 173|0x00000006ead00000, 0x00000006ead00000, 0x00000006eae00000|  0%| F|  |TAMS 0x00000006ead00000, 0x00000006ead00000| Untracked 
| 174|0x00000006eae00000, 0x00000006eae00000, 0x00000006eaf00000|  0%| F|  |TAMS 0x00000006eae00000, 0x00000006eae00000| Untracked 
| 175|0x00000006eaf00000, 0x00000006eaf00000, 0x00000006eb000000|  0%| F|  |TAMS 0x00000006eaf00000, 0x00000006eaf00000| Untracked 
| 176|0x00000006eb000000, 0x00000006eb000000, 0x00000006eb100000|  0%| F|  |TAMS 0x00000006eb000000, 0x00000006eb000000| Untracked 
| 177|0x00000006eb100000, 0x00000006eb100000, 0x00000006eb200000|  0%| F|  |TAMS 0x00000006eb100000, 0x00000006eb100000| Untracked 
| 178|0x00000006eb200000, 0x00000006eb200000, 0x00000006eb300000|  0%| F|  |TAMS 0x00000006eb200000, 0x00000006eb200000| Untracked 
| 179|0x00000006eb300000, 0x00000006eb300000, 0x00000006eb400000|  0%| F|  |TAMS 0x00000006eb300000, 0x00000006eb300000| Untracked 
| 180|0x00000006eb400000, 0x00000006eb400000, 0x00000006eb500000|  0%| F|  |TAMS 0x00000006eb400000, 0x00000006eb400000| Untracked 
| 181|0x00000006eb500000, 0x00000006eb500000, 0x00000006eb600000|  0%| F|  |TAMS 0x00000006eb500000, 0x00000006eb500000| Untracked 
| 182|0x00000006eb600000, 0x00000006eb600000, 0x00000006eb700000|  0%| F|  |TAMS 0x00000006eb600000, 0x00000006eb600000| Untracked 
| 183|0x00000006eb700000, 0x00000006eb700000, 0x00000006eb800000|  0%| F|  |TAMS 0x00000006eb700000, 0x00000006eb700000| Untracked 
| 184|0x00000006eb800000, 0x00000006eb800000, 0x00000006eb900000|  0%| F|  |TAMS 0x00000006eb800000, 0x00000006eb800000| Untracked 
| 185|0x00000006eb900000, 0x00000006eb900000, 0x00000006eba00000|  0%| F|  |TAMS 0x00000006eb900000, 0x00000006eb900000| Untracked 
| 186|0x00000006eba00000, 0x00000006eba00000, 0x00000006ebb00000|  0%| F|  |TAMS 0x00000006eba00000, 0x00000006eba00000| Untracked 
| 187|0x00000006ebb00000, 0x00000006ebb00000, 0x00000006ebc00000|  0%| F|  |TAMS 0x00000006ebb00000, 0x00000006ebb00000| Untracked 
| 188|0x00000006ebc00000, 0x00000006ebc00000, 0x00000006ebd00000|  0%| F|  |TAMS 0x00000006ebc00000, 0x00000006ebc00000| Untracked 
| 189|0x00000006ebd00000, 0x00000006ebd00000, 0x00000006ebe00000|  0%| F|  |TAMS 0x00000006ebd00000, 0x00000006ebd00000| Untracked 
| 190|0x00000006ebe00000, 0x00000006ebe00000, 0x00000006ebf00000|  0%| F|  |TAMS 0x00000006ebe00000, 0x00000006ebe00000| Untracked 
| 191|0x00000006ebf00000, 0x00000006ebf00000, 0x00000006ec000000|  0%| F|  |TAMS 0x00000006ebf00000, 0x00000006ebf00000| Untracked 
| 192|0x00000006ec000000, 0x00000006ec000000, 0x00000006ec100000|  0%| F|  |TAMS 0x00000006ec000000, 0x00000006ec000000| Untracked 
| 193|0x00000006ec100000, 0x00000006ec100000, 0x00000006ec200000|  0%| F|  |TAMS 0x00000006ec100000, 0x00000006ec100000| Untracked 
| 194|0x00000006ec200000, 0x00000006ec200000, 0x00000006ec300000|  0%| F|  |TAMS 0x00000006ec200000, 0x00000006ec200000| Untracked 
| 195|0x00000006ec300000, 0x00000006ec300000, 0x00000006ec400000|  0%| F|  |TAMS 0x00000006ec300000, 0x00000006ec300000| Untracked 
| 196|0x00000006ec400000, 0x00000006ec400000, 0x00000006ec500000|  0%| F|  |TAMS 0x00000006ec400000, 0x00000006ec400000| Untracked 
| 197|0x00000006ec500000, 0x00000006ec500000, 0x00000006ec600000|  0%| F|  |TAMS 0x00000006ec500000, 0x00000006ec500000| Untracked 
| 198|0x00000006ec600000, 0x00000006ec600000, 0x00000006ec700000|  0%| F|  |TAMS 0x00000006ec600000, 0x00000006ec600000| Untracked 
| 199|0x00000006ec700000, 0x00000006ec700000, 0x00000006ec800000|  0%| F|  |TAMS 0x00000006ec700000, 0x00000006ec700000| Untracked 
| 200|0x00000006ec800000, 0x00000006ec800000, 0x00000006ec900000|  0%| F|  |TAMS 0x00000006ec800000, 0x00000006ec800000| Untracked 
| 201|0x00000006ec900000, 0x00000006ec900000, 0x00000006eca00000|  0%| F|  |TAMS 0x00000006ec900000, 0x00000006ec900000| Untracked 
| 202|0x00000006eca00000, 0x00000006eca00000, 0x00000006ecb00000|  0%| F|  |TAMS 0x00000006eca00000, 0x00000006eca00000| Untracked 
| 203|0x00000006ecb00000, 0x00000006ecb00000, 0x00000006ecc00000|  0%| F|  |TAMS 0x00000006ecb00000, 0x00000006ecb00000| Untracked 
| 204|0x00000006ecc00000, 0x00000006ecc00000, 0x00000006ecd00000|  0%| F|  |TAMS 0x00000006ecc00000, 0x00000006ecc00000| Untracked 
| 205|0x00000006ecd00000, 0x00000006ecd00000, 0x00000006ece00000|  0%| F|  |TAMS 0x00000006ecd00000, 0x00000006ecd00000| Untracked 
| 206|0x00000006ece00000, 0x00000006ece00000, 0x00000006ecf00000|  0%| F|  |TAMS 0x00000006ece00000, 0x00000006ece00000| Untracked 
| 207|0x00000006ecf00000, 0x00000006ecf00000, 0x00000006ed000000|  0%| F|  |TAMS 0x00000006ecf00000, 0x00000006ecf00000| Untracked 
| 208|0x00000006ed000000, 0x00000006ed000000, 0x00000006ed100000|  0%| F|  |TAMS 0x00000006ed000000, 0x00000006ed000000| Untracked 
| 209|0x00000006ed100000, 0x00000006ed100000, 0x00000006ed200000|  0%| F|  |TAMS 0x00000006ed100000, 0x00000006ed100000| Untracked 
| 210|0x00000006ed200000, 0x00000006ed2ac6e0, 0x00000006ed300000| 67%| S|CS|TAMS 0x00000006ed200000, 0x00000006ed200000| Complete 
| 211|0x00000006ed300000, 0x00000006ed400000, 0x00000006ed400000|100%| S|CS|TAMS 0x00000006ed300000, 0x00000006ed300000| Complete 
| 212|0x00000006ed400000, 0x00000006ed500000, 0x00000006ed500000|100%| S|CS|TAMS 0x00000006ed400000, 0x00000006ed400000| Complete 
| 213|0x00000006ed500000, 0x00000006ed500000, 0x00000006ed600000|  0%| F|  |TAMS 0x00000006ed500000, 0x00000006ed500000| Untracked 
| 214|0x00000006ed600000, 0x00000006ed600000, 0x00000006ed700000|  0%| F|  |TAMS 0x00000006ed600000, 0x00000006ed600000| Untracked 
| 215|0x00000006ed700000, 0x00000006ed700000, 0x00000006ed800000|  0%| F|  |TAMS 0x00000006ed700000, 0x00000006ed700000| Untracked 
| 216|0x00000006ed800000, 0x00000006ed800000, 0x00000006ed900000|  0%| F|  |TAMS 0x00000006ed800000, 0x00000006ed800000| Untracked 
| 217|0x00000006ed900000, 0x00000006ed900000, 0x00000006eda00000|  0%| F|  |TAMS 0x00000006ed900000, 0x00000006ed900000| Untracked 
| 218|0x00000006eda00000, 0x00000006eda00000, 0x00000006edb00000|  0%| F|  |TAMS 0x00000006eda00000, 0x00000006eda00000| Untracked 
| 219|0x00000006edb00000, 0x00000006edb00000, 0x00000006edc00000|  0%| F|  |TAMS 0x00000006edb00000, 0x00000006edb00000| Untracked 
| 220|0x00000006edc00000, 0x00000006edc00000, 0x00000006edd00000|  0%| F|  |TAMS 0x00000006edc00000, 0x00000006edc00000| Untracked 
| 221|0x00000006edd00000, 0x00000006edd00000, 0x00000006ede00000|  0%| F|  |TAMS 0x00000006edd00000, 0x00000006edd00000| Untracked 
| 222|0x00000006ede00000, 0x00000006ede00000, 0x00000006edf00000|  0%| F|  |TAMS 0x00000006ede00000, 0x00000006ede00000| Untracked 
| 223|0x00000006edf00000, 0x00000006edf8bab0, 0x00000006ee000000| 54%| E|  |TAMS 0x00000006edf00000, 0x00000006edf00000| Complete 
| 224|0x00000006ee000000, 0x00000006ee100000, 0x00000006ee100000|100%| E|CS|TAMS 0x00000006ee000000, 0x00000006ee000000| Complete 
| 225|0x00000006ee100000, 0x00000006ee200000, 0x00000006ee200000|100%| E|CS|TAMS 0x00000006ee100000, 0x00000006ee100000| Complete 
| 226|0x00000006ee200000, 0x00000006ee300000, 0x00000006ee300000|100%| E|CS|TAMS 0x00000006ee200000, 0x00000006ee200000| Complete 
| 227|0x00000006ee300000, 0x00000006ee400000, 0x00000006ee400000|100%| E|CS|TAMS 0x00000006ee300000, 0x00000006ee300000| Complete 
| 228|0x00000006ee400000, 0x00000006ee500000, 0x00000006ee500000|100%| E|CS|TAMS 0x00000006ee400000, 0x00000006ee400000| Complete 
| 229|0x00000006ee500000, 0x00000006ee600000, 0x00000006ee600000|100%| E|CS|TAMS 0x00000006ee500000, 0x00000006ee500000| Complete 
| 230|0x00000006ee600000, 0x00000006ee700000, 0x00000006ee700000|100%| E|CS|TAMS 0x00000006ee600000, 0x00000006ee600000| Complete 
| 231|0x00000006ee700000, 0x00000006ee800000, 0x00000006ee800000|100%| E|CS|TAMS 0x00000006ee700000, 0x00000006ee700000| Complete 
| 232|0x00000006ee800000, 0x00000006ee900000, 0x00000006ee900000|100%| E|CS|TAMS 0x00000006ee800000, 0x00000006ee800000| Complete 
| 233|0x00000006ee900000, 0x00000006eea00000, 0x00000006eea00000|100%| E|CS|TAMS 0x00000006ee900000, 0x00000006ee900000| Complete 
| 234|0x00000006eea00000, 0x00000006eeb00000, 0x00000006eeb00000|100%| E|CS|TAMS 0x00000006eea00000, 0x00000006eea00000| Complete 
| 235|0x00000006eeb00000, 0x00000006eec00000, 0x00000006eec00000|100%| E|CS|TAMS 0x00000006eeb00000, 0x00000006eeb00000| Complete 
| 236|0x00000006eec00000, 0x00000006eed00000, 0x00000006eed00000|100%| E|CS|TAMS 0x00000006eec00000, 0x00000006eec00000| Complete 
| 237|0x00000006eed00000, 0x00000006eee00000, 0x00000006eee00000|100%| E|CS|TAMS 0x00000006eed00000, 0x00000006eed00000| Complete 
| 238|0x00000006eee00000, 0x00000006eef00000, 0x00000006eef00000|100%| E|CS|TAMS 0x00000006eee00000, 0x00000006eee00000| Complete 
| 239|0x00000006eef00000, 0x00000006ef000000, 0x00000006ef000000|100%| E|CS|TAMS 0x00000006eef00000, 0x00000006eef00000| Complete 
| 240|0x00000006ef000000, 0x00000006ef100000, 0x00000006ef100000|100%| E|CS|TAMS 0x00000006ef000000, 0x00000006ef000000| Complete 
| 241|0x00000006ef100000, 0x00000006ef200000, 0x00000006ef200000|100%| E|CS|TAMS 0x00000006ef100000, 0x00000006ef100000| Complete 
| 242|0x00000006ef200000, 0x00000006ef300000, 0x00000006ef300000|100%| E|CS|TAMS 0x00000006ef200000, 0x00000006ef200000| Complete 
| 243|0x00000006ef300000, 0x00000006ef400000, 0x00000006ef400000|100%| E|CS|TAMS 0x00000006ef300000, 0x00000006ef300000| Complete 
| 244|0x00000006ef400000, 0x00000006ef500000, 0x00000006ef500000|100%| E|CS|TAMS 0x00000006ef400000, 0x00000006ef400000| Complete 
| 245|0x00000006ef500000, 0x00000006ef600000, 0x00000006ef600000|100%| E|CS|TAMS 0x00000006ef500000, 0x00000006ef500000| Complete 
| 246|0x00000006ef600000, 0x00000006ef700000, 0x00000006ef700000|100%| E|CS|TAMS 0x00000006ef600000, 0x00000006ef600000| Complete 
| 247|0x00000006ef700000, 0x00000006ef800000, 0x00000006ef800000|100%| E|CS|TAMS 0x00000006ef700000, 0x00000006ef700000| Complete 
| 248|0x00000006ef800000, 0x00000006ef900000, 0x00000006ef900000|100%| E|CS|TAMS 0x00000006ef800000, 0x00000006ef800000| Complete 
| 249|0x00000006ef900000, 0x00000006efa00000, 0x00000006efa00000|100%| E|CS|TAMS 0x00000006ef900000, 0x00000006ef900000| Complete 
| 250|0x00000006efa00000, 0x00000006efb00000, 0x00000006efb00000|100%| E|CS|TAMS 0x00000006efa00000, 0x00000006efa00000| Complete 
| 251|0x00000006efb00000, 0x00000006efc00000, 0x00000006efc00000|100%| E|CS|TAMS 0x00000006efb00000, 0x00000006efb00000| Complete 
| 252|0x00000006efc00000, 0x00000006efd00000, 0x00000006efd00000|100%| E|CS|TAMS 0x00000006efc00000, 0x00000006efc00000| Complete 
| 253|0x00000006efd00000, 0x00000006efe00000, 0x00000006efe00000|100%| E|CS|TAMS 0x00000006efd00000, 0x00000006efd00000| Complete 
| 254|0x00000006efe00000, 0x00000006eff00000, 0x00000006eff00000|100%| E|CS|TAMS 0x00000006efe00000, 0x00000006efe00000| Complete 
| 255|0x00000006eff00000, 0x00000006f0000000, 0x00000006f0000000|100%| E|CS|TAMS 0x00000006eff00000, 0x00000006eff00000| Complete 
| 256|0x00000006f0000000, 0x00000006f0100000, 0x00000006f0100000|100%| E|CS|TAMS 0x00000006f0000000, 0x00000006f0000000| Complete 
| 257|0x00000006f0100000, 0x00000006f0200000, 0x00000006f0200000|100%| E|CS|TAMS 0x00000006f0100000, 0x00000006f0100000| Complete 
| 258|0x00000006f0200000, 0x00000006f0300000, 0x00000006f0300000|100%| E|CS|TAMS 0x00000006f0200000, 0x00000006f0200000| Complete 
| 259|0x00000006f0300000, 0x00000006f0400000, 0x00000006f0400000|100%| E|CS|TAMS 0x00000006f0300000, 0x00000006f0300000| Complete 
| 260|0x00000006f0400000, 0x00000006f0500000, 0x00000006f0500000|100%| E|CS|TAMS 0x00000006f0400000, 0x00000006f0400000| Complete 
| 261|0x00000006f0500000, 0x00000006f0600000, 0x00000006f0600000|100%| E|CS|TAMS 0x00000006f0500000, 0x00000006f0500000| Complete 
| 262|0x00000006f0600000, 0x00000006f0700000, 0x00000006f0700000|100%| E|CS|TAMS 0x00000006f0600000, 0x00000006f0600000| Complete 
| 263|0x00000006f0700000, 0x00000006f0800000, 0x00000006f0800000|100%| E|CS|TAMS 0x00000006f0700000, 0x00000006f0700000| Complete 
| 264|0x00000006f0800000, 0x00000006f0900000, 0x00000006f0900000|100%| E|CS|TAMS 0x00000006f0800000, 0x00000006f0800000| Complete 
| 265|0x00000006f0900000, 0x00000006f0a00000, 0x00000006f0a00000|100%| E|CS|TAMS 0x00000006f0900000, 0x00000006f0900000| Complete 
| 266|0x00000006f0a00000, 0x00000006f0b00000, 0x00000006f0b00000|100%| E|CS|TAMS 0x00000006f0a00000, 0x00000006f0a00000| Complete 
| 267|0x00000006f0b00000, 0x00000006f0c00000, 0x00000006f0c00000|100%| E|CS|TAMS 0x00000006f0b00000, 0x00000006f0b00000| Complete 
| 268|0x00000006f0c00000, 0x00000006f0d00000, 0x00000006f0d00000|100%| E|CS|TAMS 0x00000006f0c00000, 0x00000006f0c00000| Complete 
| 269|0x00000006f0d00000, 0x00000006f0e00000, 0x00000006f0e00000|100%| E|CS|TAMS 0x00000006f0d00000, 0x00000006f0d00000| Complete 
| 270|0x00000006f0e00000, 0x00000006f0f00000, 0x00000006f0f00000|100%| E|CS|TAMS 0x00000006f0e00000, 0x00000006f0e00000| Complete 
| 271|0x00000006f0f00000, 0x00000006f1000000, 0x00000006f1000000|100%| E|CS|TAMS 0x00000006f0f00000, 0x00000006f0f00000| Complete 
| 272|0x00000006f1000000, 0x00000006f1100000, 0x00000006f1100000|100%| E|CS|TAMS 0x00000006f1000000, 0x00000006f1000000| Complete 
| 273|0x00000006f1100000, 0x00000006f1200000, 0x00000006f1200000|100%| E|CS|TAMS 0x00000006f1100000, 0x00000006f1100000| Complete 
| 274|0x00000006f1200000, 0x00000006f1300000, 0x00000006f1300000|100%| E|CS|TAMS 0x00000006f1200000, 0x00000006f1200000| Complete 
| 275|0x00000006f1300000, 0x00000006f1400000, 0x00000006f1400000|100%| E|  |TAMS 0x00000006f1300000, 0x00000006f1300000| Complete 
| 276|0x00000006f1400000, 0x00000006f1500000, 0x00000006f1500000|100%| E|CS|TAMS 0x00000006f1400000, 0x00000006f1400000| Complete 
| 277|0x00000006f1500000, 0x00000006f1600000, 0x00000006f1600000|100%| E|CS|TAMS 0x00000006f1500000, 0x00000006f1500000| Complete 
| 278|0x00000006f1600000, 0x00000006f1700000, 0x00000006f1700000|100%| E|CS|TAMS 0x00000006f1600000, 0x00000006f1600000| Complete 
| 279|0x00000006f1700000, 0x00000006f1800000, 0x00000006f1800000|100%| E|CS|TAMS 0x00000006f1700000, 0x00000006f1700000| Complete 
| 280|0x00000006f1800000, 0x00000006f1900000, 0x00000006f1900000|100%| E|CS|TAMS 0x00000006f1800000, 0x00000006f1800000| Complete 

Card table byte_map: [0x0000005026370000,0x0000005026c70000] _byte_map_base: 0x0000005022c70000

Marking Bits (Prev, Next): (CMBitMap*) 0x0000005013190c18, (CMBitMap*) 0x0000005013190c50
 Prev Bits: [0x0000005027570000, 0x000000502bd70000)
 Next Bits: [0x000000502bd70000, 0x0000005030570000)

Polling page: 0x0000005010ee0000

Metaspace:

Usage:
  Non-class:     76.43 MB capacity,    73.36 MB ( 96%) used,     2.82 MB (  4%) free+waste,   261.88 KB ( <1%) overhead. 
      Class:     12.30 MB capacity,    10.90 MB ( 89%) used,     1.28 MB ( 10%) free+waste,   124.56 KB ( <1%) overhead. 
       Both:     88.73 MB capacity,    84.26 MB ( 95%) used,     4.09 MB (  5%) free+waste,   386.44 KB ( <1%) overhead. 

Virtual space:
  Non-class space:       78.00 MB reserved,      76.54 MB ( 98%) committed 
      Class space:        1.00 GB reserved,      12.32 MB (  1%) committed 
             Both:        1.08 GB reserved,      88.86 MB (  8%) committed 

Chunk freelists:
   Non-Class:  3.00 KB
       Class:  0 bytes
        Both:  3.00 KB

MaxMetaspaceSize: 17179869184.00 GB
CompressedClassSpaceSize: 1.00 GB

CodeHeap 'non-profiled nmethods': size=120064Kb used=5118Kb max_used=5567Kb free=114945Kb
 bounds [0x000000501e530000, 0x000000501eab0000, 0x0000005025a70000]
CodeHeap 'profiled nmethods': size=120000Kb used=22002Kb max_used=24051Kb free=97997Kb
 bounds [0x0000005017000000, 0x0000005018790000, 0x000000501e530000]
CodeHeap 'non-nmethods': size=5696Kb used=2291Kb max_used=2336Kb free=3405Kb
 bounds [0x0000005016a70000, 0x0000005016ce0000, 0x0000005017000000]
 total_blobs=12122 nmethods=11248 adapters=784
 compilation: enabled
              stopped_count=0, restarted_count=0
 full_count=0

Compilation events (20 events):
Event: 93.542 Thread 0x000000503384c000 nmethod 12944 0x000000501e59b990 code [0x000000501e59bb20, 0x000000501e59bb98]
Event: 94.539 Thread 0x000000503384c000 12945       4       javax.management.ObjectName::construct (1135 bytes)
Event: 95.998 Thread 0x000000503384c000 nmethod 12945 0x000000501e69be10 code [0x000000501e69c240, 0x000000501e6a47d0]
Event: 98.105 Thread 0x000000503384c000 12946       4       java.util.concurrent.locks.AbstractQueuedSynchronizer$ConditionObject::awaitNanos (181 bytes)
Event: 98.206 Thread 0x000000503384c000 nmethod 12946 0x000000501e599a90 code [0x000000501e599cc0, 0x000000501e59b010]
Event: 99.022 Thread 0x00000050338b5800 12947   !   3       java.io.FileInputStream::getFinalizer (42 bytes)
Event: 99.023 Thread 0x00000050338b5800 nmethod 12947 0x0000005017069390 code [0x0000005017069580, 0x0000005017069968]
Event: 99.023 Thread 0x00000050338b5800 12948       3       java.util.concurrent.atomic.AtomicBoolean::compareAndSet (26 bytes)
Event: 99.025 Thread 0x00000050338b5800 nmethod 12948 0x0000005017077e90 code [0x00000050170780c0, 0x0000005017078738]
Event: 99.025 Thread 0x00000050338b5800 12949       1       org.gradle.cache.internal.DefaultFileLockManager$DefaultFileLock::access$500 (5 bytes)
Event: 99.025 Thread 0x00000050338b5800 nmethod 12949 0x000000501e599790 code [0x000000501e599940, 0x000000501e5999d8]
Event: 101.042 Thread 0x000000503384c000 12950       4       org.gradle.internal.logging.text.AbstractLineChoppingStyledTextOutput$1::execute (9 bytes)
Event: 101.042 Thread 0x00000050338b5800 12954       2       org.gradle.internal.logging.text.AbstractLineChoppingStyledTextOutput$2::execute (73 bytes)
Event: 101.043 Thread 0x00000050338b5800 nmethod 12954 0x0000005017060a10 code [0x0000005017060c20, 0x0000005017060fb8]
Event: 101.043 Thread 0x00000050338b5800 12955   !   3       jdk.internal.reflect.GeneratedMethodAccessor1::invoke (68 bytes)
Event: 101.044 Thread 0x00000050338b5800 nmethod 12955 0x0000005017077090 code [0x00000050170772e0, 0x0000005017077b18]
Event: 101.044 Thread 0x00000050338b5800 12956       3       org.gradle.internal.io.LineBufferingOutputStream::write (59 bytes)
Event: 101.048 Thread 0x00000050338b5800 nmethod 12956 0x0000005017086190 code [0x0000005017086440, 0x0000005017087218]
Event: 101.070 Thread 0x000000503384c000 nmethod 12950 0x000000501e59ff90 code [0x000000501e5a01a0, 0x000000501e5a0970]
Event: 101.070 Thread 0x000000503384c000 12951       4       org.gradle.internal.logging.text.AbstractLineChoppingStyledTextOutput$1::execute (130 bytes)

GC Heap History (20 events):
Event: 38.576 GC heap before
{Heap before GC invocations=13 (full 0):
 garbage-first heap   total 165888K, used 106333K [0x00000006e0000000, 0x0000000800000000)
  region size 1024K, 69 young (70656K), 5 survivors (5120K)
 Metaspace       used 58226K, capacity 59855K, committed 59940K, reserved 1101824K
  class space    used 7361K, capacity 7930K, committed 7936K, reserved 1048576K
}
Event: 38.623 GC heap after
{Heap after GC invocations=14 (full 0):
 garbage-first heap   total 199680K, used 49152K [0x00000006e0000000, 0x0000000800000000)
  region size 1024K, 11 young (11264K), 11 survivors (11264K)
 Metaspace       used 58226K, capacity 59855K, committed 59940K, reserved 1101824K
  class space    used 7361K, capacity 7930K, committed 7936K, reserved 1048576K
}
Event: 43.362 GC heap before
{Heap before GC invocations=15 (full 0):
 garbage-first heap   total 199680K, used 133120K [0x00000006e0000000, 0x0000000800000000)
  region size 1024K, 93 young (95232K), 11 survivors (11264K)
 Metaspace       used 64934K, capacity 66803K, committed 66928K, reserved 1107968K
  class space    used 8340K, capacity 9014K, committed 9036K, reserved 1048576K
}
Event: 43.425 GC heap after
{Heap after GC invocations=16 (full 0):
 garbage-first heap   total 199680K, used 53878K [0x00000006e0000000, 0x0000000800000000)
  region size 1024K, 5 young (5120K), 5 survivors (5120K)
 Metaspace       used 64934K, capacity 66803K, committed 66928K, reserved 1107968K
  class space    used 8340K, capacity 9014K, committed 9036K, reserved 1048576K
}
Event: 48.940 GC heap before
{Heap before GC invocations=16 (full 0):
 garbage-first heap   total 199680K, used 143990K [0x00000006e0000000, 0x0000000800000000)
  region size 1024K, 90 young (92160K), 5 survivors (5120K)
 Metaspace       used 68980K, capacity 71233K, committed 71536K, reserved 1112064K
  class space    used 8889K, capacity 9681K, committed 9804K, reserved 1048576K
}
Event: 48.979 GC heap after
{Heap after GC invocations=17 (full 0):
 garbage-first heap   total 199680K, used 65891K [0x00000006e0000000, 0x0000000800000000)
  region size 1024K, 12 young (12288K), 12 survivors (12288K)
 Metaspace       used 68980K, capacity 71233K, committed 71536K, reserved 1112064K
  class space    used 8889K, capacity 9681K, committed 9804K, reserved 1048576K
}
Event: 54.046 GC heap before
{Heap before GC invocations=17 (full 0):
 garbage-first heap   total 199680K, used 147811K [0x00000006e0000000, 0x0000000800000000)
  region size 1024K, 93 young (95232K), 12 survivors (12288K)
 Metaspace       used 73201K, capacity 76119K, committed 76272K, reserved 1116160K
  class space    used 9407K, capacity 10377K, committed 10444K, reserved 1048576K
}
Event: 54.115 GC heap after
{Heap after GC invocations=18 (full 0):
 garbage-first heap   total 199680K, used 76969K [0x00000006e0000000, 0x0000000800000000)
  region size 1024K, 11 young (11264K), 11 survivors (11264K)
 Metaspace       used 73201K, capacity 76119K, committed 76272K, reserved 1116160K
  class space    used 9407K, capacity 10377K, committed 10444K, reserved 1048576K
}
Event: 60.266 GC heap before
{Heap before GC invocations=18 (full 0):
 garbage-first heap   total 199680K, used 151721K [0x00000006e0000000, 0x0000000800000000)
  region size 1024K, 85 young (87040K), 11 survivors (11264K)
 Metaspace       used 74598K, capacity 78731K, committed 79088K, reserved 1118208K
  class space    used 9575K, capacity 10830K, committed 10956K, reserved 1048576K
}
Event: 60.335 GC heap after
{Heap after GC invocations=19 (full 0):
 garbage-first heap   total 199680K, used 88508K [0x00000006e0000000, 0x0000000800000000)
  region size 1024K, 11 young (11264K), 11 survivors (11264K)
 Metaspace       used 74598K, capacity 78731K, committed 79088K, reserved 1118208K
  class space    used 9575K, capacity 10830K, committed 10956K, reserved 1048576K
}
Event: 64.160 GC heap before
{Heap before GC invocations=19 (full 0):
 garbage-first heap   total 199680K, used 153020K [0x00000006e0000000, 0x0000000800000000)
  region size 1024K, 74 young (75776K), 11 survivors (11264K)
 Metaspace       used 78219K, capacity 82449K, committed 82672K, reserved 1120256K
  class space    used 10130K, capacity 11411K, committed 11468K, reserved 1048576K
}
Event: 64.224 GC heap after
{Heap after GC invocations=20 (full 0):
 garbage-first heap   total 239616K, used 96159K [0x00000006e0000000, 0x0000000800000000)
  region size 1024K, 7 young (7168K), 7 survivors (7168K)
 Metaspace       used 78219K, capacity 82449K, committed 82672K, reserved 1120256K
  class space    used 10130K, capacity 11411K, committed 11468K, reserved 1048576K
}
Event: 69.466 GC heap before
{Heap before GC invocations=20 (full 0):
 garbage-first heap   total 239616K, used 175007K [0x00000006e0000000, 0x0000000800000000)
  region size 1024K, 83 young (84992K), 7 survivors (7168K)
 Metaspace       used 80334K, capacity 84627K, committed 84848K, reserved 1122304K
  class space    used 10382K, capacity 11728K, committed 11852K, reserved 1048576K
}
Event: 69.538 GC heap after
{Heap after GC invocations=21 (full 0):
 garbage-first heap   total 239616K, used 107520K [0x00000006e0000000, 0x0000000800000000)
  region size 1024K, 11 young (11264K), 11 survivors (11264K)
 Metaspace       used 80334K, capacity 84627K, committed 84848K, reserved 1122304K
  class space    used 10382K, capacity 11728K, committed 11852K, reserved 1048576K
}
Event: 73.811 GC heap before
{Heap before GC invocations=21 (full 0):
 garbage-first heap   total 239616K, used 181248K [0x00000006e0000000, 0x0000000800000000)
  region size 1024K, 83 young (84992K), 11 survivors (11264K)
 Metaspace       used 81020K, capacity 85340K, committed 85616K, reserved 1124352K
  class space    used 10438K, capacity 11784K, committed 11852K, reserved 1048576K
}
Event: 73.893 GC heap after
{Heap after GC invocations=22 (full 0):
 garbage-first heap   total 239616K, used 118469K [0x00000006e0000000, 0x0000000800000000)
  region size 1024K, 11 young (11264K), 11 survivors (11264K)
 Metaspace       used 81020K, capacity 85340K, committed 85616K, reserved 1124352K
  class space    used 10438K, capacity 11784K, committed 11852K, reserved 1048576K
}
Event: 78.475 GC heap before
{Heap before GC invocations=22 (full 0):
 garbage-first heap   total 239616K, used 186053K [0x00000006e0000000, 0x0000000800000000)
  region size 1024K, 78 young (79872K), 11 survivors (11264K)
 Metaspace       used 84924K, capacity 89453K, committed 89584K, reserved 1126400K
  class space    used 10967K, capacity 12366K, committed 12492K, reserved 1048576K
}
Event: 78.531 GC heap after
{Heap after GC invocations=23 (full 0):
 garbage-first heap   total 239616K, used 124314K [0x00000006e0000000, 0x0000000800000000)
  region size 1024K, 7 young (7168K), 7 survivors (7168K)
 Metaspace       used 84924K, capacity 89453K, committed 89584K, reserved 1126400K
  class space    used 10967K, capacity 12366K, committed 12492K, reserved 1048576K
}
Event: 79.947 GC heap before
{Heap before GC invocations=23 (full 0):
 garbage-first heap   total 239616K, used 144794K [0x00000006e0000000, 0x0000000800000000)
  region size 1024K, 28 young (28672K), 7 survivors (7168K)
 Metaspace       used 85758K, capacity 90320K, committed 90480K, reserved 1128448K
  class space    used 11082K, capacity 12521K, committed 12620K, reserved 1048576K
}
Event: 79.981 GC heap after
{Heap after GC invocations=24 (full 0):
 garbage-first heap   total 287744K, used 126641K [0x00000006e0000000, 0x0000000800000000)
  region size 1024K, 3 young (3072K), 3 survivors (3072K)
 Metaspace       used 85758K, capacity 90320K, committed 90480K, reserved 1128448K
  class space    used 11082K, capacity 12521K, committed 12620K, reserved 1048576K
}

Deoptimization events (20 events):
Event: 84.857 Thread 0x0000005039837800 Uncommon trap: trap_request=0xffffff4d fr.pc=0x000000501e895790 relative=0x0000000000000690
Event: 84.857 Thread 0x0000005039837800 Uncommon trap: reason=unstable_if action=reinterpret pc=0x000000501e895790 method=com.sun.beans.introspect.MethodInfo$MethodOrder.compare(Ljava/lang/reflect/Method;Ljava/lang/reflect/Method;)I @ 148 c2
Event: 84.857 Thread 0x0000005039837800 DEOPT PACKING pc=0x000000501e895790 sp=0x00000050475a6970
Event: 84.857 Thread 0x0000005039837800 DEOPT UNPACKING pc=0x0000005016a9772f sp=0x00000050475a6918 mode 2
Event: 101.040 Thread 0x0000005039838800 Uncommon trap: trap_request=0xffffffc6 fr.pc=0x000000501e93c63c relative=0x000000000000033c
Event: 101.040 Thread 0x0000005039838800 Uncommon trap: reason=bimorphic_or_optimized_type_check action=maybe_recompile pc=0x000000501e93c63c method=org.gradle.internal.logging.sink.OutputEventRenderer.onOutput(Lorg/gradle/internal/logging/events/OutputEvent;)V @ 1 c2
Event: 101.041 Thread 0x0000005039838800 DEOPT PACKING pc=0x000000501e93c63c sp=0x0000005047c2ec00
Event: 101.041 Thread 0x0000005039838800 DEOPT UNPACKING pc=0x0000005016a9772f sp=0x0000005047c2ebb8 mode 2
Event: 101.042 Thread 0x0000005039838800 Uncommon trap: trap_request=0xffffffc6 fr.pc=0x000000501e93c63c relative=0x000000000000033c
Event: 101.042 Thread 0x0000005039838800 Uncommon trap: reason=bimorphic_or_optimized_type_check action=maybe_recompile pc=0x000000501e93c63c method=org.gradle.internal.logging.sink.OutputEventRenderer.onOutput(Lorg/gradle/internal/logging/events/OutputEvent;)V @ 1 c2
Event: 101.042 Thread 0x0000005039838800 DEOPT PACKING pc=0x000000501e93c63c sp=0x0000005047c2ec00
Event: 101.042 Thread 0x0000005039838800 DEOPT UNPACKING pc=0x0000005016a9772f sp=0x0000005047c2ebb8 mode 2
Event: 101.042 Thread 0x0000005039838800 Uncommon trap: trap_request=0xffffffc6 fr.pc=0x000000501e93c63c relative=0x000000000000033c
Event: 101.042 Thread 0x0000005039838800 Uncommon trap: reason=bimorphic_or_optimized_type_check action=maybe_recompile pc=0x000000501e93c63c method=org.gradle.internal.logging.sink.OutputEventRenderer.onOutput(Lorg/gradle/internal/logging/events/OutputEvent;)V @ 1 c2
Event: 101.042 Thread 0x0000005039838800 DEOPT PACKING pc=0x000000501e93c63c sp=0x0000005047c2ec00
Event: 101.042 Thread 0x0000005039838800 DEOPT UNPACKING pc=0x0000005016a9772f sp=0x0000005047c2ebb8 mode 2
Event: 101.043 Thread 0x0000005039838800 Uncommon trap: trap_request=0xffffffc6 fr.pc=0x000000501e93c63c relative=0x000000000000033c
Event: 101.043 Thread 0x0000005039838800 Uncommon trap: reason=bimorphic_or_optimized_type_check action=maybe_recompile pc=0x000000501e93c63c method=org.gradle.internal.logging.sink.OutputEventRenderer.onOutput(Lorg/gradle/internal/logging/events/OutputEvent;)V @ 1 c2
Event: 101.043 Thread 0x0000005039838800 DEOPT PACKING pc=0x000000501e93c63c sp=0x0000005047c2ec00
Event: 101.043 Thread 0x0000005039838800 DEOPT UNPACKING pc=0x0000005016a9772f sp=0x0000005047c2ebb8 mode 2

Classes redefined (0 events):
No events

Internal exceptions (20 events):
Event: 79.456 Thread 0x0000005039835800 Implicit null exception at 0x000000501e65c50a to 0x000000501e65e810
Event: 84.838 Thread 0x0000005039837800 Exception <a 'java/lang/ClassNotFoundException'{0x00000006ee372788}: org/gradle/process/internal/DefaultExecAction_DecoratedBeanInfo> (0x00000006ee372788) thrown at [./src/hotspot/share/classfile/systemDictionary.cpp, line 231]
Event: 84.840 Thread 0x0000005039837800 Exception <a 'java/lang/ClassNotFoundException'{0x00000006ee39baa0}: org/gradle/process/internal/DefaultExecActionBeanInfo> (0x00000006ee39baa0) thrown at [./src/hotspot/share/classfile/systemDictionary.cpp, line 231]
Event: 84.842 Thread 0x0000005039837800 Exception <a 'java/lang/ClassNotFoundException'{0x00000006ee3c7990}: org/gradle/process/internal/DefaultExecHandleBuilderBeanInfo> (0x00000006ee3c7990) thrown at [./src/hotspot/share/classfile/systemDictionary.cpp, line 231]
Event: 84.844 Thread 0x0000005039837800 Exception <a 'java/lang/ClassNotFoundException'{0x00000006ee3f3860}: org/gradle/process/internal/AbstractExecHandleBuilderBeanInfo> (0x00000006ee3f3860) thrown at [./src/hotspot/share/classfile/systemDictionary.cpp, line 231]
Event: 84.847 Thread 0x0000005039837800 Exception <a 'java/lang/ClassNotFoundException'{0x00000006ee21fd20}: org/gradle/process/internal/DefaultProcessForkOptionsBeanInfo> (0x00000006ee21fd20) thrown at [./src/hotspot/share/classfile/systemDictionary.cpp, line 231]
Event: 84.849 Thread 0x0000005039837800 Exception <a 'java/lang/ClassNotFoundException'{0x00000006ee24c120}: org/gradle/process/internal/DefaultProcessForkOptionsCustomizer> (0x00000006ee24c120) thrown at [./src/hotspot/share/classfile/systemDictionary.cpp, line 231]
Event: 84.853 Thread 0x0000005039837800 Exception <a 'java/lang/ClassNotFoundException'{0x00000006ee284b60}: org/gradle/process/internal/AbstractExecHandleBuilderCustomizer> (0x00000006ee284b60) thrown at [./src/hotspot/share/classfile/systemDictionary.cpp, line 231]
Event: 84.856 Thread 0x0000005039837800 Exception <a 'java/lang/ClassNotFoundException'{0x00000006ee2c3250}: org/gradle/process/internal/DefaultExecHandleBuilderCustomizer> (0x00000006ee2c3250) thrown at [./src/hotspot/share/classfile/systemDictionary.cpp, line 231]
Event: 84.900 Thread 0x0000005039837800 Exception <a 'java/lang/ClassNotFoundException'{0x00000006ee119c38}: org/gradle/process/internal/DefaultExecActionCustomizer> (0x00000006ee119c38) thrown at [./src/hotspot/share/classfile/systemDictionary.cpp, line 231]
Event: 84.903 Thread 0x0000005039837800 Exception <a 'java/lang/ClassNotFoundException'{0x00000006ee14f0b0}: org/gradle/process/internal/DefaultExecAction_DecoratedCustomizer> (0x00000006ee14f0b0) thrown at [./src/hotspot/share/classfile/systemDictionary.cpp, line 231]
Event: 84.908 Thread 0x0000005039837800 Exception <a 'java/lang/ClassNotFoundException'{0x00000006ee19d980}: org/gradle/api/logging/LogLevelBeanInfo> (0x00000006ee19d980) thrown at [./src/hotspot/share/classfile/systemDictionary.cpp, line 231]
Event: 84.910 Thread 0x0000005039837800 Exception <a 'java/lang/ClassNotFoundException'{0x00000006ee1c0dd0}: org/gradle/api/logging/LogLevelCustomizer> (0x00000006ee1c0dd0) thrown at [./src/hotspot/share/classfile/systemDictionary.cpp, line 231]
Event: 84.920 Thread 0x0000005039837800 Exception <a 'java/lang/ClassNotFoundException'{0x00000006ee0208f8}: org/gradle/internal/logging/compatbridge/LoggingManagerInternalCompatibilityBridgeBeanInfo> (0x00000006ee0208f8) thrown at [./src/hotspot/share/classfile/systemDictionary.cpp, line 231]
Event: 84.922 Thread 0x0000005039837800 Exception <a 'java/lang/ClassNotFoundException'{0x00000006ee0539f0}: org/gradle/internal/logging/compatbridge/LoggingManagerInternalCompatibilityBridgeCustomizer> (0x00000006ee0539f0) thrown at [./src/hotspot/share/classfile/systemDictionary.cpp, line 231]
Event: 85.030 Thread 0x000000503983b000 Exception <a 'java/lang/NoSuchMethodError'{0x00000006ee0c8d60}: 'void java.lang.invoke.DirectMethodHandle$Holder.invokeStatic(java.lang.Object, long)'> (0x00000006ee0c8d60) thrown at [./src/hotspot/share/interpreter/linkResolver.cpp, line 773]
Event: 85.031 Thread 0x000000503983b000 Exception <a 'java/lang/NoSuchMethodError'{0x00000006ee0cdf78}: 'java.lang.Object java.lang.invoke.DirectMethodHandle$Holder.invokeStatic(java.lang.Object, long)'> (0x00000006ee0cdf78) thrown at [./src/hotspot/share/interpreter/linkResolver.cpp, line 773]
Event: 85.035 Thread 0x000000503983b000 Exception <a 'java/lang/NoSuchMethodError'{0x00000006ee0dc408}: 'java.lang.Object java.lang.invoke.DirectMethodHandle$Holder.invokeStaticInit(java.lang.Object, java.lang.Object, long, java.lang.Object)'> (0x00000006ee0dc408) thrown at [./src/hotspot/share/interpreter/linkResolver.cpp, line 773]
Event: 85.036 Thread 0x000000503983b000 Exception <a 'java/lang/NoSuchMethodError'{0x00000006ee0e2538}: 'java.lang.Object java.lang.invoke.DirectMethodHandle$Holder.invokeStatic(java.lang.Object, java.lang.Object, long)'> (0x00000006ee0e2538) thrown at [./src/hotspot/share/interpreter/linkResolver.cpp, line 773]
Event: 85.037 Thread 0x000000503983b000 Exception <a 'java/lang/NoSuchMethodError'{0x00000006ee0e8808}: 'java.lang.Object java.lang.invoke.Invokers$Holder.linkToTargetMethod(java.lang.Object, long, java.lang.Object)'> (0x00000006ee0e8808) thrown at [./src/hotspot/share/interpreter/linkResolver.cpp, line 773]

Events (20 events):
Event: 85.002 loading class net/rubygrapefruit/platform/internal/jni/WindowsHandleFunctions
Event: 85.002 loading class net/rubygrapefruit/platform/internal/jni/WindowsHandleFunctions done
Event: 85.003 loading class java/lang/ProcessImpl
Event: 85.005 loading class java/lang/ProcessImpl done
Event: 85.032 loading class java/lang/ProcessHandleImpl
Event: 85.033 loading class java/lang/ProcessHandleImpl done
Event: 85.038 loading class java/lang/ProcessImpl$2
Event: 85.038 loading class java/lang/ProcessImpl$2 done
Event: 85.038 loading class java/lang/Process$PipeInputStream
Event: 85.038 loading class java/lang/Process$PipeInputStream done
Event: 85.038 Executing VM operation: Deoptimize
Event: 85.041 Executing VM operation: Deoptimize done
Event: 85.041 loading class org/gradle/process/internal/streams/ExecOutputHandleRunner
Event: 85.041 loading class org/gradle/process/internal/streams/ExecOutputHandleRunner done
Event: 85.045 Thread 0x0000005039838800 Thread added: 0x0000005039838800
Event: 85.045 Thread 0x000000503983c000 Thread added: 0x000000503983c000
Event: 101.038 loading class org/gradle/internal/logging/events/StyledTextOutputEvent$Span
Event: 101.038 loading class org/gradle/internal/logging/events/StyledTextOutputEvent$Span done
Event: 101.039 loading class org/gradle/internal/logging/events/operations/StyledTextBuildOperationProgressDetails$Span
Event: 101.039 loading class org/gradle/internal/logging/events/operations/StyledTextBuildOperationProgressDetails$Span done


Dynamic libraries:
0x00007ff6b1c00000 - 0x00007ff6b1c0a000 	C:\Program Files\Android\Android Studio1\jre\bin\java.exe
0x00007ff84f070000 - 0x00007ff84f21d000 	C:\Windows\SYSTEM32\ntdll.dll
0x00007ff84e180000 - 0x00007ff84e2bf000 	C:\Windows\system32\KERNEL32.DLL
0x00007ff84c5d0000 - 0x00007ff84c6e5000 	C:\Windows\system32\KERNELBASE.dll
0x00007ff824080000 - 0x00007ff824099000 	C:\Program Files\Android\Android Studio1\jre\bin\jli.dll
0x00007ff842ec0000 - 0x00007ff842ed7000 	C:\Program Files\Android\Android Studio1\jre\bin\VCRUNTIME140.dll
0x00007ff842eb0000 - 0x00007ff842eb4000 	C:\Windows\SYSTEM32\api-ms-win-crt-stdio-l1-1-0.dll
0x00007ff842e90000 - 0x00007ff842e94000 	C:\Windows\SYSTEM32\api-ms-win-crt-runtime-l1-1-0.dll
0x00007ff842e70000 - 0x00007ff842e73000 	C:\Windows\SYSTEM32\api-ms-win-crt-environment-l1-1-0.dll
0x00007ff842e10000 - 0x00007ff842e15000 	C:\Windows\SYSTEM32\api-ms-win-crt-math-l1-1-0.dll
0x00007ff8407e0000 - 0x00007ff8407e3000 	C:\Windows\SYSTEM32\api-ms-win-crt-locale-l1-1-0.dll
0x00007ff840940000 - 0x00007ff840943000 	C:\Windows\SYSTEM32\api-ms-win-crt-heap-l1-1-0.dll
0x00007ff849f30000 - 0x00007ff84a1ab000 	C:\Windows\WinSxS\amd64_microsoft.windows.common-controls_6595b64144ccf1df_6.0.9600.19394_none_62486577ecb635cf\COMCTL32.dll
0x00007ff84de90000 - 0x00007ff84e007000 	C:\Windows\system32\USER32.dll
0x00007ff842e00000 - 0x00007ff842e03000 	C:\Windows\SYSTEM32\api-ms-win-crt-filesystem-l1-1-0.dll
0x00007ff842ea0000 - 0x00007ff842ea4000 	C:\Windows\SYSTEM32\api-ms-win-crt-string-l1-1-0.dll
0x00007ff842e80000 - 0x00007ff842e84000 	C:\Windows\SYSTEM32\api-ms-win-crt-convert-l1-1-0.dll
0x00007ff84eab0000 - 0x00007ff84eb5a000 	C:\Windows\system32\msvcrt.dll
0x00007ff84ef20000 - 0x00007ff84f06e000 	C:\Windows\system32\GDI32.dll
0x00007ff83e980000 - 0x00007ff83ea74000 	C:\Windows\SYSTEM32\ucrtbase.DLL
0x00007ff84e020000 - 0x00007ff84e056000 	C:\Windows\system32\IMM32.DLL
0x00007ff84e940000 - 0x00007ff84ea91000 	C:\Windows\system32\MSCTF.dll
0x00007ff8367e0000 - 0x00007ff83687d000 	C:\Program Files\Android\Android Studio1\jre\bin\msvcp140.dll
0x00007ff83e7c0000 - 0x00007ff83e7c5000 	C:\Windows\SYSTEM32\api-ms-win-crt-multibyte-l1-1-0.dll
0x00007ff840950000 - 0x00007ff840953000 	C:\Windows\SYSTEM32\api-ms-win-crt-time-l1-1-0.dll
0x00007ff842e60000 - 0x00007ff842e63000 	C:\Windows\SYSTEM32\api-ms-win-crt-utility-l1-1-0.dll
0x00007ff833550000 - 0x00007ff83400c000 	C:\Program Files\Android\Android Studio1\jre\bin\server\jvm.dll
0x00007ff84e2c0000 - 0x00007ff84e36a000 	C:\Windows\system32\ADVAPI32.dll
0x00007ff842ee0000 - 0x00007ff842ee9000 	C:\Windows\SYSTEM32\WSOCK32.dll
0x00007ff83fc30000 - 0x00007ff83fc52000 	C:\Windows\SYSTEM32\WINMM.dll
0x00007ff843820000 - 0x00007ff84382a000 	C:\Windows\SYSTEM32\VERSION.dll
0x00007ff84eaa0000 - 0x00007ff84eaa7000 	C:\Windows\system32\PSAPI.DLL
0x00007ff84ec40000 - 0x00007ff84ec98000 	C:\Windows\SYSTEM32\sechost.dll
0x00007ff84e370000 - 0x00007ff84e4aa000 	C:\Windows\system32\RPCRT4.dll
0x00007ff84eb60000 - 0x00007ff84ebba000 	C:\Windows\system32\WS2_32.dll
0x00007ff83fc00000 - 0x00007ff83fc2a000 	C:\Windows\SYSTEM32\WINMMBASE.dll
0x00007ff84c360000 - 0x00007ff84c38e000 	C:\Windows\system32\SspiCli.dll
0x00007ff84e010000 - 0x00007ff84e019000 	C:\Windows\system32\NSI.dll
0x00007ff84c310000 - 0x00007ff84c35f000 	C:\Windows\SYSTEM32\cfgmgr32.dll
0x00007ff84afd0000 - 0x00007ff84aff8000 	C:\Windows\SYSTEM32\DEVOBJ.dll
0x00007ff840910000 - 0x00007ff840921000 	C:\Program Files\Android\Android Studio1\jre\bin\verify.dll
0x00007ff83e7f0000 - 0x00007ff83e979000 	C:\Windows\SYSTEM32\DBGHELP.DLL
0x00007ff8408e0000 - 0x00007ff840909000 	C:\Program Files\Android\Android Studio1\jre\bin\java.dll
0x00007ff8408d0000 - 0x00007ff8408db000 	C:\Program Files\Android\Android Studio1\jre\bin\jimage.dll
0x00007ff8408b0000 - 0x00007ff8408c8000 	C:\Program Files\Android\Android Studio1\jre\bin\zip.dll
0x00007ff84c890000 - 0x00007ff84ddbe000 	C:\Windows\system32\SHELL32.dll
0x00007ff84eca0000 - 0x00007ff84eeb1000 	C:\Windows\SYSTEM32\combase.dll
0x00007ff84e060000 - 0x00007ff84e0b4000 	C:\Windows\system32\SHLWAPI.dll
0x00007ff84a730000 - 0x00007ff84a7e2000 	C:\Windows\SYSTEM32\SHCORE.dll
0x00007ff84c190000 - 0x00007ff84c1a5000 	C:\Windows\SYSTEM32\profapi.dll
0x00007ff840890000 - 0x00007ff8408aa000 	C:\Program Files\Android\Android Studio1\jre\bin\net.dll
0x00007ff8444b0000 - 0x00007ff844579000 	C:\Windows\SYSTEM32\WINHTTP.dll
0x00007ff84baa0000 - 0x00007ff84baf9000 	C:\Windows\system32\mswsock.dll
0x00007ff83e7d0000 - 0x00007ff83e7e4000 	C:\Program Files\Android\Android Studio1\jre\bin\nio.dll
0x00007ff823810000 - 0x00007ff823837000 	C:\Users\user\.gradle\native\fdc75f09e3144964f2cf3f50f0aa648679c211496f362492102eb8c894070792\windows-amd64-min\native-platform.dll
0x00007ff820fe0000 - 0x00007ff821176000 	C:\Users\user\.gradle\native\12488b8bf47d2d4c9fbf2f6322a914ad602e24e48041cd04a747c6da556b65c4\windows-amd64-min\native-platform-file-events.dll
0x00007ff840930000 - 0x00007ff84093a000 	C:\Program Files\Android\Android Studio1\jre\bin\management.dll
0x00007ff840880000 - 0x00007ff84088c000 	C:\Program Files\Android\Android Studio1\jre\bin\management_ext.dll
0x00007ff84bb00000 - 0x00007ff84bb20000 	C:\Windows\SYSTEM32\CRYPTSP.dll
0x00007ff84b6d0000 - 0x00007ff84b706000 	C:\Windows\system32\rsaenh.dll
0x00007ff84bd40000 - 0x00007ff84bd66000 	C:\Windows\SYSTEM32\bcrypt.dll
0x00007ff84b7e0000 - 0x00007ff84b801000 	C:\Windows\SYSTEM32\USERENV.dll
0x00007ff84c060000 - 0x00007ff84c0c3000 	C:\Windows\system32\bcryptprimitives.dll
0x00007ff84c0d0000 - 0x00007ff84c0db000 	C:\Windows\SYSTEM32\CRYPTBASE.dll
0x00007ff845e60000 - 0x00007ff845e8a000 	C:\Windows\SYSTEM32\IPHLPAPI.DLL
0x00007ff845e40000 - 0x00007ff845e4a000 	C:\Windows\SYSTEM32\WINNSI.DLL
0x00007ff845910000 - 0x00007ff845926000 	C:\Windows\SYSTEM32\dhcpcsvc6.DLL
0x00007ff845b10000 - 0x00007ff845b2a000 	C:\Windows\SYSTEM32\dhcpcsvc.DLL

dbghelp: loaded successfully - version: 4.0.5 - missing functions: none
symbol engine: initialized successfully - sym options: 0x614 - pdb path: .;C:\Program Files\Android\Android Studio1\jre\bin;C:\Windows\SYSTEM32;C:\Windows\WinSxS\amd64_microsoft.windows.common-controls_6595b64144ccf1df_6.0.9600.19394_none_62486577ecb635cf;C:\Program Files\Android\Android Studio1\jre\bin\server;C:\Users\user\.gradle\native\fdc75f09e3144964f2cf3f50f0aa648679c211496f362492102eb8c894070792\windows-amd64-min;C:\Users\user\.gradle\native\12488b8bf47d2d4c9fbf2f6322a914ad602e24e48041cd04a747c6da556b65c4\windows-amd64-min

VM Arguments:
jvm_args: --add-opens=java.base/java.util=ALL-UNNAMED --add-opens=java.base/java.lang=ALL-UNNAMED --add-opens=java.base/java.lang.invoke=ALL-UNNAMED --add-opens=java.prefs/java.util.prefs=ALL-UNNAMED -Xmx4608m -Dfile.encoding=windows-1252 -Duser.country=US -Duser.language=en -Duser.variant 
java_command: org.gradle.launcher.daemon.bootstrap.GradleDaemon 6.8
java_class_path (initial): C:\Users\user\.gradle\wrapper\dists\gradle-6.8-all\9emh0d32e025cam7aasxcw002\gradle-6.8\lib\gradle-launcher-6.8.jar
Launcher Type: SUN_STANDARD

[Global flags]
     intx CICompilerCount                          = 3                                         {product} {ergonomic}
     uint ConcGCThreads                            = 1                                         {product} {ergonomic}
     uint G1ConcRefinementThreads                  = 4                                         {product} {ergonomic}
   size_t G1HeapRegionSize                         = 1048576                                   {product} {ergonomic}
    uintx GCDrainStackTargetSize                   = 64                                        {product} {ergonomic}
   size_t InitialHeapSize                          = 134217728                                 {product} {ergonomic}
   size_t MarkStackSize                            = 4194304                                   {product} {ergonomic}
   size_t MaxHeapSize                              = 4831838208                                {product} {command line}
   size_t MaxNewSize                               = 2898264064                                {product} {ergonomic}
   size_t MinHeapDeltaBytes                        = 1048576                                   {product} {ergonomic}
    uintx NonNMethodCodeHeapSize                   = 5830732                                {pd product} {ergonomic}
    uintx NonProfiledCodeHeapSize                  = 122913754                              {pd product} {ergonomic}
    uintx ProfiledCodeHeapSize                     = 122913754                              {pd product} {ergonomic}
    uintx ReservedCodeCacheSize                    = 251658240                              {pd product} {ergonomic}
     bool SegmentedCodeCache                       = true                                      {product} {ergonomic}
     bool UseCompressedClassPointers               = true                                 {lp64_product} {ergonomic}
     bool UseCompressedOops                        = true                                 {lp64_product} {ergonomic}
     bool UseG1GC                                  = true                                      {product} {ergonomic}
     bool UseLargePagesIndividualAllocation        = false                                  {pd product} {ergonomic}

Logging:
Log output configuration:
 #0: stdout all=warning uptime,level,tags
 #1: stderr all=off uptime,level,tags

Environment Variables:
JAVA_HOME=C:\Program Files\Android\Android Studio1\jre
CLASSPATH=E:\welzapp\welzapp\android\\gradle\wrapper\gradle-wrapper.jar
PATH=C:\Windows\system32;C:\Windows;C:\Windows\System32\Wbem;C:\Windows\System32\WindowsPowerShell\v1.0\;C:\Users\user\Documents\flutter\flutter\bin;C:\Users\user\Documents\flutter\flutter\bin\mingit\cmd
USERNAME=user
OS=Windows_NT
PROCESSOR_IDENTIFIER=Intel64 Family 6 Model 61 Stepping 4, GenuineIntel



---------------  S Y S T E M  ---------------

OS: Windows 8.1 , 64 bit Build 9600 (6.3.9600.19994)
OS uptime: 0 days 0:29 hours

CPU:total 4 (initial active 4) (2 cores per cpu, 2 threads per core) family 6 model 61 stepping 4, cmov, cx8, fxsr, mmx, sse, sse2, sse3, ssse3, sse4.1, sse4.2, popcnt, avx, avx2, aes, clmul, erms, rtm, 3dnowpref, lzcnt, ht, tsc, tscinvbit, bmi1, bmi2, adx, fma

Memory: 4k page, system-wide physical 8083M (1497M free)
TotalPageFile size 11155M (AvailPageFile size 860M)
current process WorkingSet (physical memory assigned to process): 514M, peak: 531M
current process commit charge ("private bytes"): 549M, peak: 567M

vm_info: OpenJDK 64-Bit Server VM (11.0.8+10-b944.6842174) for windows-amd64 JRE (11.0.8+10-b944.6842174), built on Sep 19 2020 01:11:42 by "builder" with MS VC++ 14.0 (VS2015)

END.
